<?xml version="1.0" encoding="UTF-8" standalone="yes"?><!DOCTYPE report PUBLIC "-//JACOCO//DTD Report 1.1//EN" "report.dtd"><report name="backend"><sessioninfo id="fv-az1391-947-6d90fc1e" start="1712535427368" dump="1712535441052"/><package name="ntnu/fullstacksuperteam/backend/service"><class name="ntnu/fullstacksuperteam/backend/service/ScoresService" sourcefilename="ScoresService.java"><method name="&lt;init&gt;" desc="()V" line="17"><counter type="INSTRUCTION" missed="0" covered="7"/><counter type="LINE" missed="0" covered="2"/><counter type="COMPLEXITY" missed="0" covered="1"/><counter type="METHOD" missed="0" covered="1"/></method><method name="getScoresByUserAndQuizId" desc="(JJ)Ljava/util/List;" line="30"><counter type="INSTRUCTION" missed="0" covered="6"/><counter type="LINE" missed="0" covered="1"/><counter type="COMPLEXITY" missed="0" covered="1"/><counter type="METHOD" missed="0" covered="1"/></method><method name="getScoresByQuizId" desc="(J)Ljava/util/List;" line="34"><counter type="INSTRUCTION" missed="0" covered="5"/><counter type="LINE" missed="0" covered="1"/><counter type="COMPLEXITY" missed="0" covered="1"/><counter type="METHOD" missed="0" covered="1"/></method><method name="saveScore" desc="(JJLntnu/fullstacksuperteam/backend/model/Score;)Lntnu/fullstacksuperteam/backend/model/Score;" line="38"><counter type="INSTRUCTION" missed="0" covered="25"/><counter type="LINE" missed="0" covered="5"/><counter type="COMPLEXITY" missed="0" covered="1"/><counter type="METHOD" missed="0" covered="1"/></method><method name="getScoresByUserId" desc="(J)Ljava/util/List;" line="46"><counter type="INSTRUCTION" missed="5" covered="0"/><counter type="LINE" missed="1" covered="0"/><counter type="COMPLEXITY" missed="1" covered="0"/><counter type="METHOD" missed="1" covered="0"/></method><counter type="INSTRUCTION" missed="5" covered="43"/><counter type="LINE" missed="1" covered="9"/><counter type="COMPLEXITY" missed="1" covered="4"/><counter type="METHOD" missed="1" covered="4"/><counter type="CLASS" missed="0" covered="1"/></class><class name="ntnu/fullstacksuperteam/backend/service/TokenService" sourcefilename="TokenService.java"><method name="&lt;init&gt;" desc="()V" line="17"><counter type="INSTRUCTION" missed="0" covered="7"/><counter type="LINE" missed="0" covered="2"/><counter type="COMPLEXITY" missed="0" covered="1"/><counter type="METHOD" missed="0" covered="1"/></method><method name="generateToken" desc="(Ljava/lang/Long;)Ljava/lang/String;" line="24"><counter type="INSTRUCTION" missed="0" covered="22"/><counter type="LINE" missed="0" covered="8"/><counter type="COMPLEXITY" missed="0" covered="1"/><counter type="METHOD" missed="0" covered="1"/></method><method name="verifyTokenAndGetUserId" desc="(Ljava/lang/String;)Ljava/lang/String;" line="36"><counter type="INSTRUCTION" missed="0" covered="22"/><counter type="LINE" missed="0" covered="6"/><counter type="COMPLEXITY" missed="0" covered="1"/><counter type="METHOD" missed="0" covered="1"/></method><method name="&lt;clinit&gt;" desc="()V" line="21"><counter type="INSTRUCTION" missed="0" covered="4"/><counter type="LINE" missed="0" covered="1"/><counter type="COMPLEXITY" missed="0" covered="1"/><counter type="METHOD" missed="0" covered="1"/></method><counter type="INSTRUCTION" missed="0" covered="55"/><counter type="LINE" missed="0" covered="17"/><counter type="COMPLEXITY" missed="0" covered="4"/><counter type="METHOD" missed="0" covered="4"/><counter type="CLASS" missed="0" covered="1"/></class><class name="ntnu/fullstacksuperteam/backend/service/QuizService" sourcefilename="QuizService.java"><method name="&lt;init&gt;" desc="()V" line="18"><counter type="INSTRUCTION" missed="0" covered="7"/><counter type="LINE" missed="0" covered="2"/><counter type="COMPLEXITY" missed="0" covered="1"/><counter type="METHOD" missed="0" covered="1"/></method><method name="getAllQuizzes" desc="()Ljava/util/List;" line="34"><counter type="INSTRUCTION" missed="0" covered="4"/><counter type="LINE" missed="0" covered="1"/><counter type="COMPLEXITY" missed="0" covered="1"/><counter type="METHOD" missed="0" covered="1"/></method><method name="searchQuizzes" desc="(Ljava/lang/String;)Ljava/util/List;" line="38"><counter type="INSTRUCTION" missed="0" covered="5"/><counter type="LINE" missed="0" covered="1"/><counter type="COMPLEXITY" missed="0" covered="1"/><counter type="METHOD" missed="0" covered="1"/></method><method name="getMyQuizzes" desc="(J)Ljava/util/List;" line="42"><counter type="INSTRUCTION" missed="0" covered="10"/><counter type="LINE" missed="0" covered="2"/><counter type="COMPLEXITY" missed="0" covered="1"/><counter type="METHOD" missed="0" covered="1"/></method><method name="getQuizById" desc="(J)Lntnu/fullstacksuperteam/backend/model/Quiz;" line="47"><counter type="INSTRUCTION" missed="0" covered="19"/><counter type="BRANCH" missed="0" covered="2"/><counter type="LINE" missed="0" covered="4"/><counter type="COMPLEXITY" missed="0" covered="2"/><counter type="METHOD" missed="0" covered="1"/></method><method name="getQuizPlayVersionById" desc="(J)Lntnu/fullstacksuperteam/backend/model/Quiz;" line="55"><counter type="INSTRUCTION" missed="110" covered="0"/><counter type="BRANCH" missed="12" covered="0"/><counter type="LINE" missed="25" covered="0"/><counter type="COMPLEXITY" missed="7" covered="0"/><counter type="METHOD" missed="1" covered="0"/></method><method name="createQuiz" desc="(JLntnu/fullstacksuperteam/backend/dto/QuizDTO;)Lntnu/fullstacksuperteam/backend/model/Quiz;" line="89"><counter type="INSTRUCTION" missed="14" covered="54"/><counter type="BRANCH" missed="1" covered="1"/><counter type="LINE" missed="2" covered="13"/><counter type="COMPLEXITY" missed="1" covered="1"/><counter type="METHOD" missed="0" covered="1"/></method><method name="updateQuiz" desc="(JJLntnu/fullstacksuperteam/backend/dto/QuizDTO;)Lntnu/fullstacksuperteam/backend/model/Quiz;" line="110"><counter type="INSTRUCTION" missed="51" covered="73"/><counter type="BRANCH" missed="7" covered="5"/><counter type="LINE" missed="11" covered="14"/><counter type="COMPLEXITY" missed="5" covered="2"/><counter type="METHOD" missed="0" covered="1"/></method><method name="deleteQuiz" desc="(JJ)V" line="148"><counter type="INSTRUCTION" missed="12" covered="23"/><counter type="BRANCH" missed="2" covered="2"/><counter type="LINE" missed="2" covered="5"/><counter type="COMPLEXITY" missed="2" covered="1"/><counter type="METHOD" missed="0" covered="1"/></method><method name="getRecentlyPlayedQuizzes" desc="(J)Ljava/util/List;" line="159"><counter type="INSTRUCTION" missed="6" covered="47"/><counter type="BRANCH" missed="2" covered="4"/><counter type="LINE" missed="1" covered="10"/><counter type="COMPLEXITY" missed="2" covered="2"/><counter type="METHOD" missed="0" covered="1"/></method><method name="lambda$updateQuiz$0" desc="(Ljava/util/List;Lntnu/fullstacksuperteam/backend/model/Question;)Z" line="136"><counter type="INSTRUCTION" missed="8" covered="0"/><counter type="BRANCH" missed="2" covered="0"/><counter type="LINE" missed="1" covered="0"/><counter type="COMPLEXITY" missed="2" covered="0"/><counter type="METHOD" missed="1" covered="0"/></method><counter type="INSTRUCTION" missed="201" covered="242"/><counter type="BRANCH" missed="26" covered="14"/><counter type="LINE" missed="41" covered="52"/><counter type="COMPLEXITY" missed="19" covered="12"/><counter type="METHOD" missed="2" covered="9"/><counter type="CLASS" missed="0" covered="1"/></class><class name="ntnu/fullstacksuperteam/backend/service/QuestionService" sourcefilename="QuestionService.java"><method name="&lt;init&gt;" desc="()V" line="17"><counter type="INSTRUCTION" missed="0" covered="7"/><counter type="LINE" missed="0" covered="2"/><counter type="COMPLEXITY" missed="0" covered="1"/><counter type="METHOD" missed="0" covered="1"/></method><method name="getQuestionsByQuizId" desc="(J)Ljava/util/List;" line="27"><counter type="INSTRUCTION" missed="0" covered="12"/><counter type="LINE" missed="0" covered="3"/><counter type="COMPLEXITY" missed="0" covered="1"/><counter type="METHOD" missed="0" covered="1"/></method><method name="createQuestion" desc="(JLntnu/fullstacksuperteam/backend/dto/QuestionDTO;)Lntnu/fullstacksuperteam/backend/model/Question;" line="33"><counter type="INSTRUCTION" missed="35" covered="44"/><counter type="BRANCH" missed="5" covered="1"/><counter type="LINE" missed="7" covered="10"/><counter type="COMPLEXITY" missed="3" covered="1"/><counter type="METHOD" missed="0" covered="1"/></method><method name="updateQuestion" desc="(Lntnu/fullstacksuperteam/backend/dto/QuestionDTO;)Lntnu/fullstacksuperteam/backend/model/Question;" line="54"><counter type="INSTRUCTION" missed="35" covered="38"/><counter type="BRANCH" missed="5" covered="1"/><counter type="LINE" missed="7" covered="8"/><counter type="COMPLEXITY" missed="3" covered="1"/><counter type="METHOD" missed="0" covered="1"/></method><method name="submitAnswer" desc="(JLntnu/fullstacksuperteam/backend/dto/SubmitAnswerDTO;)Lntnu/fullstacksuperteam/backend/dto/SubmittedAnswerDTO;" line="73"><counter type="INSTRUCTION" missed="86" covered="37"/><counter type="BRANCH" missed="10" covered="2"/><counter type="LINE" missed="15" covered="7"/><counter type="COMPLEXITY" missed="6" covered="1"/><counter type="METHOD" missed="0" covered="1"/></method><method name="createTextQuestion" desc="(Lntnu/fullstacksuperteam/backend/model/TextQuestion;Lntnu/fullstacksuperteam/backend/dto/TextQuestionDTO;)Lntnu/fullstacksuperteam/backend/model/Question;" line="110"><counter type="INSTRUCTION" missed="4" covered="46"/><counter type="BRANCH" missed="1" covered="3"/><counter type="LINE" missed="1" covered="10"/><counter type="COMPLEXITY" missed="1" covered="2"/><counter type="METHOD" missed="0" covered="1"/></method><method name="createSlideQuestion" desc="(Lntnu/fullstacksuperteam/backend/model/SlideQuestion;Lntnu/fullstacksuperteam/backend/dto/SlideQuestionDTO;)Lntnu/fullstacksuperteam/backend/model/Question;" line="126"><counter type="INSTRUCTION" missed="44" covered="0"/><counter type="BRANCH" missed="2" covered="0"/><counter type="LINE" missed="11" covered="0"/><counter type="COMPLEXITY" missed="2" covered="0"/><counter type="METHOD" missed="1" covered="0"/></method><method name="createTrueOrFalseQuestion" desc="(Lntnu/fullstacksuperteam/backend/model/TrueOrFalseQuestion;Lntnu/fullstacksuperteam/backend/dto/TrueOrFalseQuestionDTO;)Lntnu/fullstacksuperteam/backend/model/Question;" line="142"><counter type="INSTRUCTION" missed="45" covered="0"/><counter type="BRANCH" missed="4" covered="0"/><counter type="LINE" missed="10" covered="0"/><counter type="COMPLEXITY" missed="3" covered="0"/><counter type="METHOD" missed="1" covered="0"/></method><counter type="INSTRUCTION" missed="249" covered="184"/><counter type="BRANCH" missed="27" covered="7"/><counter type="LINE" missed="51" covered="40"/><counter type="COMPLEXITY" missed="18" covered="7"/><counter type="METHOD" missed="2" covered="6"/><counter type="CLASS" missed="0" covered="1"/></class><class name="ntnu/fullstacksuperteam/backend/service/FeedbackService" sourcefilename="FeedbackService.java"><method name="&lt;init&gt;" desc="(Lntnu/fullstacksuperteam/backend/repository/FeedbackRepository;Lntnu/fullstacksuperteam/backend/service/UserService;)V" line="15"><counter type="INSTRUCTION" missed="0" covered="9"/><counter type="LINE" missed="0" covered="4"/><counter type="COMPLEXITY" missed="0" covered="1"/><counter type="METHOD" missed="0" covered="1"/></method><method name="saveFeedback" desc="(JLntnu/fullstacksuperteam/backend/model/Feedback;)Lntnu/fullstacksuperteam/backend/model/Feedback;" line="21"><counter type="INSTRUCTION" missed="0" covered="14"/><counter type="LINE" missed="0" covered="3"/><counter type="COMPLEXITY" missed="0" covered="1"/><counter type="METHOD" missed="0" covered="1"/></method><counter type="INSTRUCTION" missed="0" covered="23"/><counter type="LINE" missed="0" covered="7"/><counter type="COMPLEXITY" missed="0" covered="2"/><counter type="METHOD" missed="0" covered="2"/><counter type="CLASS" missed="0" covered="1"/></class><class name="ntnu/fullstacksuperteam/backend/service/AuthService" sourcefilename="AuthService.java"><method name="&lt;init&gt;" desc="()V" line="17"><counter type="INSTRUCTION" missed="0" covered="3"/><counter type="LINE" missed="0" covered="1"/><counter type="COMPLEXITY" missed="0" covered="1"/><counter type="METHOD" missed="0" covered="1"/></method><method name="register" desc="(Lntnu/fullstacksuperteam/backend/dto/RegisterDTO;)Lntnu/fullstacksuperteam/backend/model/Token;" line="28"><counter type="INSTRUCTION" missed="86" covered="0"/><counter type="BRANCH" missed="8" covered="0"/><counter type="LINE" missed="13" covered="0"/><counter type="COMPLEXITY" missed="5" covered="0"/><counter type="METHOD" missed="1" covered="0"/></method><method name="login" desc="(Lntnu/fullstacksuperteam/backend/dto/LoginDTO;)Lntnu/fullstacksuperteam/backend/model/Token;" line="49"><counter type="INSTRUCTION" missed="31" covered="0"/><counter type="BRANCH" missed="4" covered="0"/><counter type="LINE" missed="4" covered="0"/><counter type="COMPLEXITY" missed="3" covered="0"/><counter type="METHOD" missed="1" covered="0"/></method><counter type="INSTRUCTION" missed="117" covered="3"/><counter type="BRANCH" missed="12" covered="0"/><counter type="LINE" missed="17" covered="1"/><counter type="COMPLEXITY" missed="8" covered="1"/><counter type="METHOD" missed="2" covered="1"/><counter type="CLASS" missed="0" covered="1"/></class><class name="ntnu/fullstacksuperteam/backend/service/UserService" sourcefilename="UserService.java"><method name="&lt;init&gt;" desc="()V" line="14"><counter type="INSTRUCTION" missed="0" covered="3"/><counter type="LINE" missed="0" covered="1"/><counter type="COMPLEXITY" missed="0" covered="1"/><counter type="METHOD" missed="0" covered="1"/></method><method name="getUserById" desc="(J)Lntnu/fullstacksuperteam/backend/model/User;" line="19"><counter type="INSTRUCTION" missed="0" covered="19"/><counter type="BRANCH" missed="0" covered="2"/><counter type="LINE" missed="0" covered="4"/><counter type="COMPLEXITY" missed="0" covered="2"/><counter type="METHOD" missed="0" covered="1"/></method><method name="updateUser" desc="(JLntnu/fullstacksuperteam/backend/model/User;)Lntnu/fullstacksuperteam/backend/model/User;" line="27"><counter type="INSTRUCTION" missed="70" covered="0"/><counter type="BRANCH" missed="6" covered="0"/><counter type="LINE" missed="13" covered="0"/><counter type="COMPLEXITY" missed="4" covered="0"/><counter type="METHOD" missed="1" covered="0"/></method><counter type="INSTRUCTION" missed="70" covered="22"/><counter type="BRANCH" missed="6" covered="2"/><counter type="LINE" missed="13" covered="5"/><counter type="COMPLEXITY" missed="4" covered="3"/><counter type="METHOD" missed="1" covered="2"/><counter type="CLASS" missed="0" covered="1"/></class><sourcefile name="QuestionService.java"><line nr="17" mi="0" ci="2" mb="0" cb="0"/><line nr="24" mi="0" ci="5" mb="0" cb="0"/><line nr="27" mi="0" ci="5" mb="0" cb="0"/><line nr="28" mi="0" ci="5" mb="0" cb="0"/><line nr="29" mi="0" ci="2" mb="0" cb="0"/><line nr="33" mi="0" ci="8" mb="0" cb="0"/><line nr="34" mi="0" ci="4" mb="0" cb="0"/><line nr="35" mi="0" ci="3" mb="0" cb="0"/><line nr="36" mi="0" ci="4" mb="0" cb="0"/><line nr="37" mi="0" ci="4" mb="0" cb="0"/><line nr="38" mi="0" ci="3" mb="1" cb="1"/><line nr="39" mi="0" ci="5" mb="0" cb="0"/><line nr="40" mi="0" ci="6" mb="0" cb="0"/><line nr="41" mi="3" ci="1" mb="2" cb="0"/><line nr="42" mi="5" ci="0" mb="0" cb="0"/><line nr="43" mi="6" ci="0" mb="0" cb="0"/><line nr="44" mi="4" ci="0" mb="2" cb="0"/><line nr="45" mi="5" ci="0" mb="0" cb="0"/><line nr="46" mi="6" ci="0" mb="0" cb="0"/><line nr="47" mi="1" ci="0" mb="0" cb="0"/><line nr="48" mi="5" ci="0" mb="0" cb="0"/><line nr="50" mi="0" ci="6" mb="0" cb="0"/><line nr="54" mi="0" ci="9" mb="0" cb="0"/><line nr="55" mi="0" ci="4" mb="0" cb="0"/><line nr="56" mi="0" ci="4" mb="0" cb="0"/><line nr="57" mi="0" ci="3" mb="1" cb="1"/><line nr="58" mi="0" ci="5" mb="0" cb="0"/><line nr="59" mi="0" ci="6" mb="0" cb="0"/><line nr="60" mi="3" ci="1" mb="2" cb="0"/><line nr="61" mi="5" ci="0" mb="0" cb="0"/><line nr="62" mi="6" ci="0" mb="0" cb="0"/><line nr="63" mi="4" ci="0" mb="2" cb="0"/><line nr="64" mi="5" ci="0" mb="0" cb="0"/><line nr="65" mi="6" ci="0" mb="0" cb="0"/><line nr="66" mi="1" ci="0" mb="0" cb="0"/><line nr="67" mi="5" ci="0" mb="0" cb="0"/><line nr="69" mi="0" ci="6" mb="0" cb="0"/><line nr="73" mi="0" ci="8" mb="0" cb="0"/><line nr="75" mi="0" ci="6" mb="1" cb="1"/><line nr="76" mi="0" ci="3" mb="0" cb="0"/><line nr="77" mi="0" ci="4" mb="0" cb="0"/><line nr="78" mi="0" ci="5" mb="0" cb="0"/><line nr="80" mi="0" ci="4" mb="1" cb="1"/><line nr="81" mi="8" ci="0" mb="0" cb="0"/><line nr="84" mi="0" ci="7" mb="0" cb="0"/><line nr="85" mi="6" ci="0" mb="2" cb="0"/><line nr="86" mi="4" ci="0" mb="0" cb="0"/><line nr="87" mi="4" ci="0" mb="0" cb="0"/><line nr="89" mi="3" ci="0" mb="2" cb="0"/><line nr="90" mi="10" ci="0" mb="0" cb="0"/><line nr="93" mi="9" ci="0" mb="0" cb="0"/><line nr="94" mi="6" ci="0" mb="2" cb="0"/><line nr="95" mi="3" ci="0" mb="0" cb="0"/><line nr="96" mi="4" ci="0" mb="0" cb="0"/><line nr="97" mi="5" ci="0" mb="0" cb="0"/><line nr="99" mi="4" ci="0" mb="2" cb="0"/><line nr="100" mi="8" ci="0" mb="0" cb="0"/><line nr="103" mi="7" ci="0" mb="0" cb="0"/><line nr="105" mi="5" ci="0" mb="0" cb="0"/><line nr="110" mi="0" ci="11" mb="0" cb="2"/><line nr="111" mi="0" ci="4" mb="0" cb="0"/><line nr="112" mi="0" ci="5" mb="1" cb="1"/><line nr="113" mi="4" ci="0" mb="0" cb="0"/><line nr="115" mi="0" ci="4" mb="0" cb="0"/><line nr="116" mi="0" ci="4" mb="0" cb="0"/><line nr="117" mi="0" ci="3" mb="0" cb="0"/><line nr="118" mi="0" ci="5" mb="0" cb="0"/><line nr="119" mi="0" ci="3" mb="0" cb="0"/><line nr="120" mi="0" ci="1" mb="0" cb="0"/><line nr="122" mi="0" ci="6" mb="0" cb="0"/><line nr="126" mi="3" ci="0" mb="0" cb="0"/><line nr="127" mi="4" ci="0" mb="0" cb="0"/><line nr="128" mi="5" ci="0" mb="2" cb="0"/><line nr="129" mi="4" ci="0" mb="0" cb="0"/><line nr="131" mi="4" ci="0" mb="0" cb="0"/><line nr="132" mi="4" ci="0" mb="0" cb="0"/><line nr="133" mi="4" ci="0" mb="0" cb="0"/><line nr="134" mi="4" ci="0" mb="0" cb="0"/><line nr="135" mi="3" ci="0" mb="0" cb="0"/><line nr="136" mi="3" ci="0" mb="0" cb="0"/><line nr="138" mi="6" ci="0" mb="0" cb="0"/><line nr="142" mi="11" ci="0" mb="2" cb="0"/><line nr="143" mi="4" ci="0" mb="0" cb="0"/><line nr="144" mi="5" ci="0" mb="2" cb="0"/><line nr="145" mi="4" ci="0" mb="0" cb="0"/><line nr="147" mi="4" ci="0" mb="0" cb="0"/><line nr="148" mi="4" ci="0" mb="0" cb="0"/><line nr="149" mi="3" ci="0" mb="0" cb="0"/><line nr="150" mi="3" ci="0" mb="0" cb="0"/><line nr="151" mi="1" ci="0" mb="0" cb="0"/><line nr="153" mi="6" ci="0" mb="0" cb="0"/><counter type="INSTRUCTION" missed="249" covered="184"/><counter type="BRANCH" missed="27" covered="7"/><counter type="LINE" missed="51" covered="40"/><counter type="COMPLEXITY" missed="18" covered="7"/><counter type="METHOD" missed="2" covered="6"/><counter type="CLASS" missed="0" covered="1"/></sourcefile><sourcefile name="QuizService.java"><line nr="18" mi="0" ci="2" mb="0" cb="0"/><line nr="31" mi="0" ci="5" mb="0" cb="0"/><line nr="34" mi="0" ci="4" mb="0" cb="0"/><line nr="38" mi="0" ci="5" mb="0" cb="0"/><line nr="42" mi="0" ci="5" mb="0" cb="0"/><line nr="43" mi="0" ci="5" mb="0" cb="0"/><line nr="47" mi="0" ci="9" mb="0" cb="0"/><line nr="48" mi="0" ci="2" mb="0" cb="2"/><line nr="49" mi="0" ci="6" mb="0" cb="0"/><line nr="51" mi="0" ci="2" mb="0" cb="0"/><line nr="55" mi="9" ci="0" mb="0" cb="0"/><line nr="56" mi="2" ci="0" mb="2" cb="0"/><line nr="57" mi="6" ci="0" mb="0" cb="0"/><line nr="59" mi="3" ci="0" mb="2" cb="0"/><line nr="60" mi="2" ci="0" mb="0" cb="0"/><line nr="62" mi="4" ci="0" mb="0" cb="0"/><line nr="63" mi="3" ci="0" mb="0" cb="0"/><line nr="65" mi="10" ci="0" mb="2" cb="0"/><line nr="66" mi="6" ci="0" mb="2" cb="0"/><line nr="67" mi="4" ci="0" mb="0" cb="0"/><line nr="68" mi="4" ci="0" mb="2" cb="0"/><line nr="69" mi="8" ci="0" mb="0" cb="0"/><line nr="70" mi="8" ci="0" mb="0" cb="0"/><line nr="71" mi="5" ci="0" mb="0" cb="0"/><line nr="72" mi="1" ci="0" mb="0" cb="0"/><line nr="73" mi="3" ci="0" mb="0" cb="0"/><line nr="75" mi="1" ci="0" mb="0" cb="0"/><line nr="77" mi="4" ci="0" mb="0" cb="0"/><line nr="78" mi="3" ci="0" mb="2" cb="0"/><line nr="79" mi="7" ci="0" mb="0" cb="0"/><line nr="80" mi="7" ci="0" mb="0" cb="0"/><line nr="81" mi="4" ci="0" mb="0" cb="0"/><line nr="82" mi="1" ci="0" mb="0" cb="0"/><line nr="83" mi="3" ci="0" mb="0" cb="0"/><line nr="85" mi="2" ci="0" mb="0" cb="0"/><line nr="89" mi="0" ci="5" mb="0" cb="0"/><line nr="90" mi="0" ci="4" mb="0" cb="0"/><line nr="91" mi="0" ci="3" mb="0" cb="0"/><line nr="92" mi="0" ci="4" mb="0" cb="0"/><line nr="93" mi="0" ci="4" mb="0" cb="0"/><line nr="94" mi="0" ci="4" mb="0" cb="0"/><line nr="95" mi="0" ci="4" mb="0" cb="0"/><line nr="96" mi="0" ci="4" mb="0" cb="0"/><line nr="98" mi="0" ci="6" mb="0" cb="0"/><line nr="100" mi="0" ci="4" mb="0" cb="0"/><line nr="101" mi="4" ci="7" mb="1" cb="1"/><line nr="102" mi="9" ci="0" mb="0" cb="0"/><line nr="103" mi="1" ci="0" mb="0" cb="0"/><line nr="104" mi="0" ci="3" mb="0" cb="0"/><line nr="106" mi="0" ci="2" mb="0" cb="0"/><line nr="110" mi="0" ci="9" mb="0" cb="0"/><line nr="111" mi="0" ci="2" mb="0" cb="2"/><line nr="112" mi="0" ci="6" mb="0" cb="0"/><line nr="114" mi="0" ci="7" mb="1" cb="1"/><line nr="115" mi="6" ci="0" mb="0" cb="0"/><line nr="118" mi="0" ci="4" mb="0" cb="0"/><line nr="119" mi="0" ci="4" mb="0" cb="0"/><line nr="120" mi="0" ci="4" mb="0" cb="0"/><line nr="121" mi="0" ci="4" mb="0" cb="0"/><line nr="122" mi="0" ci="4" mb="0" cb="0"/><line nr="124" mi="0" ci="4" mb="0" cb="0"/><line nr="125" mi="4" ci="7" mb="1" cb="1"/><line nr="126" mi="5" ci="0" mb="2" cb="0"/><line nr="128" mi="5" ci="0" mb="0" cb="0"/><line nr="129" mi="4" ci="0" mb="0" cb="0"/><line nr="130" mi="1" ci="0" mb="0" cb="0"/><line nr="132" mi="6" ci="0" mb="0" cb="0"/><line nr="133" mi="4" ci="0" mb="0" cb="0"/><line nr="134" mi="1" ci="0" mb="0" cb="0"/><line nr="136" mi="8" ci="6" mb="2" cb="0"/><line nr="138" mi="4" ci="6" mb="1" cb="1"/><line nr="139" mi="5" ci="0" mb="2" cb="0"/><line nr="140" mi="5" ci="0" mb="0" cb="0"/><line nr="142" mi="1" ci="0" mb="0" cb="0"/><line nr="144" mi="0" ci="6" mb="0" cb="0"/><line nr="148" mi="0" ci="9" mb="0" cb="0"/><line nr="149" mi="0" ci="2" mb="1" cb="1"/><line nr="150" mi="6" ci="0" mb="0" cb="0"/><line nr="152" mi="0" ci="7" mb="1" cb="1"/><line nr="153" mi="6" ci="0" mb="0" cb="0"/><line nr="155" mi="0" ci="4" mb="0" cb="0"/><line nr="156" mi="0" ci="1" mb="0" cb="0"/><line nr="159" mi="0" ci="5" mb="0" cb="0"/><line nr="160" mi="0" ci="2" mb="1" cb="1"/><line nr="161" mi="6" ci="0" mb="0" cb="0"/><line nr="163" mi="0" ci="5" mb="0" cb="0"/><line nr="164" mi="0" ci="8" mb="0" cb="0"/><line nr="165" mi="0" ci="4" mb="0" cb="0"/><line nr="166" mi="0" ci="10" mb="0" cb="2"/><line nr="167" mi="0" ci="5" mb="1" cb="1"/><line nr="168" mi="0" ci="5" mb="0" cb="0"/><line nr="170" mi="0" ci="1" mb="0" cb="0"/><line nr="171" mi="0" ci="2" mb="0" cb="0"/><counter type="INSTRUCTION" missed="201" covered="242"/><counter type="BRANCH" missed="26" covered="14"/><counter type="LINE" missed="41" covered="52"/><counter type="COMPLEXITY" missed="19" covered="12"/><counter type="METHOD" missed="2" covered="9"/><counter type="CLASS" missed="0" covered="1"/></sourcefile><sourcefile name="UserService.java"><line nr="14" mi="0" ci="3" mb="0" cb="0"/><line nr="19" mi="0" ci="6" mb="0" cb="0"/><line nr="20" mi="0" ci="3" mb="0" cb="2"/><line nr="21" mi="0" ci="6" mb="0" cb="0"/><line nr="23" mi="0" ci="4" mb="0" cb="0"/><line nr="27" mi="6" ci="0" mb="0" cb="0"/><line nr="28" mi="3" ci="0" mb="2" cb="0"/><line nr="29" mi="6" ci="0" mb="0" cb="0"/><line nr="31" mi="4" ci="0" mb="0" cb="0"/><line nr="32" mi="8" ci="0" mb="0" cb="0"/><line nr="33" mi="11" ci="0" mb="4" cb="0"/><line nr="34" mi="6" ci="0" mb="0" cb="0"/><line nr="36" mi="4" ci="0" mb="0" cb="0"/><line nr="37" mi="4" ci="0" mb="0" cb="0"/><line nr="38" mi="4" ci="0" mb="0" cb="0"/><line nr="39" mi="4" ci="0" mb="0" cb="0"/><line nr="40" mi="4" ci="0" mb="0" cb="0"/><line nr="41" mi="6" ci="0" mb="0" cb="0"/><counter type="INSTRUCTION" missed="70" covered="22"/><counter type="BRANCH" missed="6" covered="2"/><counter type="LINE" missed="13" covered="5"/><counter type="COMPLEXITY" missed="4" covered="3"/><counter type="METHOD" missed="1" covered="2"/><counter type="CLASS" missed="0" covered="1"/></sourcefile><sourcefile name="ScoresService.java"><line nr="17" mi="0" ci="2" mb="0" cb="0"/><line nr="27" mi="0" ci="5" mb="0" cb="0"/><line nr="30" mi="0" ci="6" mb="0" cb="0"/><line nr="34" mi="0" ci="5" mb="0" cb="0"/><line nr="38" mi="0" ci="5" mb="0" cb="0"/><line nr="39" mi="0" ci="8" mb="0" cb="0"/><line nr="40" mi="0" ci="3" mb="0" cb="0"/><line nr="41" mi="0" ci="3" mb="0" cb="0"/><line nr="42" mi="0" ci="6" mb="0" cb="0"/><line nr="46" mi="5" ci="0" mb="0" cb="0"/><counter type="INSTRUCTION" missed="5" covered="43"/><counter type="LINE" missed="1" covered="9"/><counter type="COMPLEXITY" missed="1" covered="4"/><counter type="METHOD" missed="1" covered="4"/><counter type="CLASS" missed="0" covered="1"/></sourcefile><sourcefile name="FeedbackService.java"><line nr="15" mi="0" ci="2" mb="0" cb="0"/><line nr="16" mi="0" ci="3" mb="0" cb="0"/><line nr="17" mi="0" ci="3" mb="0" cb="0"/><line nr="18" mi="0" ci="1" mb="0" cb="0"/><line nr="21" mi="0" ci="5" mb="0" cb="0"/><line nr="22" mi="0" ci="3" mb="0" cb="0"/><line nr="23" mi="0" ci="6" mb="0" cb="0"/><counter type="INSTRUCTION" missed="0" covered="23"/><counter type="LINE" missed="0" covered="7"/><counter type="COMPLEXITY" missed="0" covered="2"/><counter type="METHOD" missed="0" covered="2"/><counter type="CLASS" missed="0" covered="1"/></sourcefile><sourcefile name="TokenService.java"><line nr="17" mi="0" ci="2" mb="0" cb="0"/><line nr="20" mi="0" ci="5" mb="0" cb="0"/><line nr="21" mi="0" ci="4" mb="0" cb="0"/><line nr="24" mi="0" ci="2" mb="0" cb="0"/><line nr="25" mi="0" ci="4" mb="0" cb="0"/><line nr="26" mi="0" ci="3" mb="0" cb="0"/><line nr="27" mi="0" ci="3" mb="0" cb="0"/><line nr="28" mi="0" ci="2" mb="0" cb="0"/><line nr="29" mi="0" ci="3" mb="0" cb="0"/><line nr="30" mi="0" ci="4" mb="0" cb="0"/><line nr="31" mi="0" ci="1" mb="0" cb="0"/><line nr="36" mi="0" ci="4" mb="0" cb="0"/><line nr="37" mi="0" ci="4" mb="0" cb="0"/><line nr="38" mi="0" ci="5" mb="0" cb="0"/><line nr="39" mi="0" ci="1" mb="0" cb="0"/><line nr="40" mi="0" ci="6" mb="0" cb="0"/><line nr="41" mi="0" ci="2" mb="0" cb="0"/><counter type="INSTRUCTION" missed="0" covered="55"/><counter type="LINE" missed="0" covered="17"/><counter type="COMPLEXITY" missed="0" covered="4"/><counter type="METHOD" missed="0" covered="4"/><counter type="CLASS" missed="0" covered="1"/></sourcefile><sourcefile name="AuthService.java"><line nr="17" mi="0" ci="3" mb="0" cb="0"/><line nr="28" mi="10" ci="0" mb="0" cb="0"/><line nr="29" mi="11" ci="0" mb="4" cb="0"/><line nr="30" mi="6" ci="0" mb="0" cb="0"/><line nr="32" mi="11" ci="0" mb="4" cb="0"/><line nr="33" mi="6" ci="0" mb="0" cb="0"/><line nr="37" mi="4" ci="0" mb="0" cb="0"/><line nr="38" mi="4" ci="0" mb="0" cb="0"/><line nr="39" mi="4" ci="0" mb="0" cb="0"/><line nr="40" mi="4" ci="0" mb="0" cb="0"/><line nr="41" mi="4" ci="0" mb="0" cb="0"/><line nr="42" mi="7" ci="0" mb="0" cb="0"/><line nr="43" mi="6" ci="0" mb="0" cb="0"/><line nr="44" mi="9" ci="0" mb="0" cb="0"/><line nr="49" mi="6" ci="0" mb="0" cb="0"/><line nr="50" mi="10" ci="0" mb="4" cb="0"/><line nr="51" mi="6" ci="0" mb="0" cb="0"/><line nr="54" mi="9" ci="0" mb="0" cb="0"/><counter type="INSTRUCTION" missed="117" covered="3"/><counter type="BRANCH" missed="12" covered="0"/><counter type="LINE" missed="17" covered="1"/><counter type="COMPLEXITY" missed="8" covered="1"/><counter type="METHOD" missed="2" covered="1"/><counter type="CLASS" missed="0" covered="1"/></sourcefile><counter type="INSTRUCTION" missed="642" covered="572"/><counter type="BRANCH" missed="71" covered="23"/><counter type="LINE" missed="123" covered="131"/><counter type="COMPLEXITY" missed="50" covered="33"/><counter type="METHOD" missed="8" covered="28"/><counter type="CLASS" missed="0" covered="7"/></package><package name="ntnu/fullstacksuperteam/backend/model"><class name="ntnu/fullstacksuperteam/backend/model/TextAnswer" sourcefilename="TextAnswer.java"><method name="&lt;init&gt;" desc="()V" line="14"><counter type="INSTRUCTION" missed="0" covered="3"/><counter type="LINE" missed="0" covered="1"/><counter type="COMPLEXITY" missed="0" covered="1"/><counter type="METHOD" missed="0" covered="1"/></method><method name="getText" desc="()Ljava/lang/String;" line="17"><counter type="INSTRUCTION" missed="0" covered="3"/><counter type="LINE" missed="0" covered="1"/><counter type="COMPLEXITY" missed="0" covered="1"/><counter type="METHOD" missed="0" covered="1"/></method><method name="setText" desc="(Ljava/lang/String;)V" line="21"><counter type="INSTRUCTION" missed="0" covered="4"/><counter type="LINE" missed="0" covered="2"/><counter type="COMPLEXITY" missed="0" covered="1"/><counter type="METHOD" missed="0" covered="1"/></method><method name="isIsCorrect" desc="()Z" line="25"><counter type="INSTRUCTION" missed="0" covered="3"/><counter type="LINE" missed="0" covered="1"/><counter type="COMPLEXITY" missed="0" covered="1"/><counter type="METHOD" missed="0" covered="1"/></method><method name="setIsCorrect" desc="(Z)V" line="29"><counter type="INSTRUCTION" missed="0" covered="4"/><counter type="LINE" missed="0" covered="2"/><counter type="COMPLEXITY" missed="0" covered="1"/><counter type="METHOD" missed="0" covered="1"/></method><method name="toString" desc="()Ljava/lang/String;" line="33"><counter type="INSTRUCTION" missed="0" covered="33"/><counter type="LINE" missed="0" covered="7"/><counter type="COMPLEXITY" missed="0" covered="1"/><counter type="METHOD" missed="0" covered="1"/></method><counter type="INSTRUCTION" missed="0" covered="50"/><counter type="LINE" missed="0" covered="14"/><counter type="COMPLEXITY" missed="0" covered="6"/><counter type="METHOD" missed="0" covered="6"/><counter type="CLASS" missed="0" covered="1"/></class><class name="ntnu/fullstacksuperteam/backend/model/Question" sourcefilename="Question.java"><method name="&lt;init&gt;" desc="()V" line="47"><counter type="INSTRUCTION" missed="0" covered="3"/><counter type="LINE" missed="0" covered="1"/><counter type="COMPLEXITY" missed="0" covered="1"/><counter type="METHOD" missed="0" covered="1"/></method><method name="&lt;init&gt;" desc="(Lntnu/fullstacksuperteam/backend/model/Question;)V" line="49"><counter type="INSTRUCTION" missed="0" covered="35"/><counter type="LINE" missed="0" covered="10"/><counter type="COMPLEXITY" missed="0" covered="1"/><counter type="METHOD" missed="0" covered="1"/></method><method name="getId" desc="()J" line="62"><counter type="INSTRUCTION" missed="0" covered="3"/><counter type="LINE" missed="0" covered="1"/><counter type="COMPLEXITY" missed="0" covered="1"/><counter type="METHOD" missed="0" covered="1"/></method><method name="setId" desc="(J)V" line="66"><counter type="INSTRUCTION" missed="0" covered="4"/><counter type="LINE" missed="0" covered="2"/><counter type="COMPLEXITY" missed="0" covered="1"/><counter type="METHOD" missed="0" covered="1"/></method><method name="getText" desc="()Ljava/lang/String;" line="70"><counter type="INSTRUCTION" missed="0" covered="3"/><counter type="LINE" missed="0" covered="1"/><counter type="COMPLEXITY" missed="0" covered="1"/><counter type="METHOD" missed="0" covered="1"/></method><method name="setText" desc="(Ljava/lang/String;)V" line="74"><counter type="INSTRUCTION" missed="0" covered="4"/><counter type="LINE" missed="0" covered="2"/><counter type="COMPLEXITY" missed="0" covered="1"/><counter type="METHOD" missed="0" covered="1"/></method><method name="getQuiz" desc="()Lntnu/fullstacksuperteam/backend/model/Quiz;" line="78"><counter type="INSTRUCTION" missed="0" covered="3"/><counter type="LINE" missed="0" covered="1"/><counter type="COMPLEXITY" missed="0" covered="1"/><counter type="METHOD" missed="0" covered="1"/></method><method name="setQuiz" desc="(Lntnu/fullstacksuperteam/backend/model/Quiz;)V" line="82"><counter type="INSTRUCTION" missed="0" covered="4"/><counter type="LINE" missed="0" covered="2"/><counter type="COMPLEXITY" missed="0" covered="1"/><counter type="METHOD" missed="0" covered="1"/></method><method name="getPoints" desc="()I" line="86"><counter type="INSTRUCTION" missed="0" covered="3"/><counter type="LINE" missed="0" covered="1"/><counter type="COMPLEXITY" missed="0" covered="1"/><counter type="METHOD" missed="0" covered="1"/></method><method name="setPoints" desc="(I)V" line="90"><counter type="INSTRUCTION" missed="0" covered="4"/><counter type="LINE" missed="0" covered="2"/><counter type="COMPLEXITY" missed="0" covered="1"/><counter type="METHOD" missed="0" covered="1"/></method><method name="getMultimediaUrl" desc="()Ljava/lang/String;" line="94"><counter type="INSTRUCTION" missed="0" covered="3"/><counter type="LINE" missed="0" covered="1"/><counter type="COMPLEXITY" missed="0" covered="1"/><counter type="METHOD" missed="0" covered="1"/></method><method name="setMultimediaUrl" desc="(Ljava/lang/String;)V" line="98"><counter type="INSTRUCTION" missed="0" covered="4"/><counter type="LINE" missed="0" covered="2"/><counter type="COMPLEXITY" missed="0" covered="1"/><counter type="METHOD" missed="0" covered="1"/></method><method name="getCreatedAt" desc="()Ljava/util/Date;" line="102"><counter type="INSTRUCTION" missed="0" covered="3"/><counter type="LINE" missed="0" covered="1"/><counter type="COMPLEXITY" missed="0" covered="1"/><counter type="METHOD" missed="0" covered="1"/></method><method name="getUpdatedAt" desc="()Ljava/util/Date;" line="106"><counter type="INSTRUCTION" missed="0" covered="3"/><counter type="LINE" missed="0" covered="1"/><counter type="COMPLEXITY" missed="0" covered="1"/><counter type="METHOD" missed="0" covered="1"/></method><counter type="INSTRUCTION" missed="0" covered="79"/><counter type="LINE" missed="0" covered="28"/><counter type="COMPLEXITY" missed="0" covered="14"/><counter type="METHOD" missed="0" covered="14"/><counter type="CLASS" missed="0" covered="1"/></class><class name="ntnu/fullstacksuperteam/backend/model/TrueOrFalseQuestion" sourcefilename="TrueOrFalseQuestion.java"><method name="&lt;init&gt;" desc="()V" line="17"><counter type="INSTRUCTION" missed="0" covered="8"/><counter type="LINE" missed="0" covered="3"/><counter type="COMPLEXITY" missed="0" covered="1"/><counter type="METHOD" missed="0" covered="1"/></method><method name="&lt;init&gt;" desc="(Lntnu/fullstacksuperteam/backend/model/Question;)V" line="22"><counter type="INSTRUCTION" missed="9" covered="0"/><counter type="LINE" missed="3" covered="0"/><counter type="COMPLEXITY" missed="1" covered="0"/><counter type="METHOD" missed="1" covered="0"/></method><method name="getAnswers" desc="()Ljava/util/List;" line="27"><counter type="INSTRUCTION" missed="0" covered="3"/><counter type="LINE" missed="0" covered="1"/><counter type="COMPLEXITY" missed="0" covered="1"/><counter type="METHOD" missed="0" covered="1"/></method><method name="setAnswers" desc="(Ljava/util/List;)V" line="31"><counter type="INSTRUCTION" missed="0" covered="4"/><counter type="LINE" missed="0" covered="2"/><counter type="COMPLEXITY" missed="0" covered="1"/><counter type="METHOD" missed="0" covered="1"/></method><method name="addAnswer" desc="(Lntnu/fullstacksuperteam/backend/model/TrueOrFalseAnswer;)V" line="35"><counter type="INSTRUCTION" missed="0" covered="6"/><counter type="LINE" missed="0" covered="2"/><counter type="COMPLEXITY" missed="0" covered="1"/><counter type="METHOD" missed="0" covered="1"/></method><counter type="INSTRUCTION" missed="9" covered="21"/><counter type="LINE" missed="3" covered="8"/><counter type="COMPLEXITY" missed="1" covered="4"/><counter type="METHOD" missed="1" covered="4"/><counter type="CLASS" missed="0" covered="1"/></class><class name="ntnu/fullstacksuperteam/backend/model/Feedback" sourcefilename="Feedback.java"><method name="&lt;init&gt;" desc="()V" line="29"><counter type="INSTRUCTION" missed="0" covered="3"/><counter type="LINE" missed="0" covered="1"/><counter type="COMPLEXITY" missed="0" covered="1"/><counter type="METHOD" missed="0" covered="1"/></method><method name="getId" desc="()J" line="32"><counter type="INSTRUCTION" missed="0" covered="3"/><counter type="LINE" missed="0" covered="1"/><counter type="COMPLEXITY" missed="0" covered="1"/><counter type="METHOD" missed="0" covered="1"/></method><method name="getUser" desc="()Lntnu/fullstacksuperteam/backend/model/User;" line="36"><counter type="INSTRUCTION" missed="0" covered="3"/><counter type="LINE" missed="0" covered="1"/><counter type="COMPLEXITY" missed="0" covered="1"/><counter type="METHOD" missed="0" covered="1"/></method><method name="getComment" desc="()Ljava/lang/String;" line="40"><counter type="INSTRUCTION" missed="0" covered="3"/><counter type="LINE" missed="0" covered="1"/><counter type="COMPLEXITY" missed="0" covered="1"/><counter type="METHOD" missed="0" covered="1"/></method><method name="getCreatedAt" desc="()Ljava/util/Date;" line="44"><counter type="INSTRUCTION" missed="3" covered="0"/><counter type="LINE" missed="1" covered="0"/><counter type="COMPLEXITY" missed="1" covered="0"/><counter type="METHOD" missed="1" covered="0"/></method><method name="setId" desc="(J)V" line="48"><counter type="INSTRUCTION" missed="0" covered="4"/><counter type="LINE" missed="0" covered="2"/><counter type="COMPLEXITY" missed="0" covered="1"/><counter type="METHOD" missed="0" covered="1"/></method><method name="setUser" desc="(Lntnu/fullstacksuperteam/backend/model/User;)V" line="52"><counter type="INSTRUCTION" missed="0" covered="4"/><counter type="LINE" missed="0" covered="2"/><counter type="COMPLEXITY" missed="0" covered="1"/><counter type="METHOD" missed="0" covered="1"/></method><method name="setComment" desc="(Ljava/lang/String;)V" line="56"><counter type="INSTRUCTION" missed="0" covered="4"/><counter type="LINE" missed="0" covered="2"/><counter type="COMPLEXITY" missed="0" covered="1"/><counter type="METHOD" missed="0" covered="1"/></method><method name="toString" desc="()Ljava/lang/String;" line="60"><counter type="INSTRUCTION" missed="0" covered="9"/><counter type="LINE" missed="0" covered="1"/><counter type="COMPLEXITY" missed="0" covered="1"/><counter type="METHOD" missed="0" covered="1"/></method><counter type="INSTRUCTION" missed="3" covered="33"/><counter type="LINE" missed="1" covered="11"/><counter type="COMPLEXITY" missed="1" covered="8"/><counter type="METHOD" missed="1" covered="8"/><counter type="CLASS" missed="0" covered="1"/></class><class name="ntnu/fullstacksuperteam/backend/model/SlideQuestion" sourcefilename="SlideQuestion.java"><method name="&lt;init&gt;" desc="()V" line="14"><counter type="INSTRUCTION" missed="0" covered="3"/><counter type="LINE" missed="0" covered="1"/><counter type="COMPLEXITY" missed="0" covered="1"/><counter type="METHOD" missed="0" covered="1"/></method><method name="&lt;init&gt;" desc="(Lntnu/fullstacksuperteam/backend/model/Question;)V" line="17"><counter type="INSTRUCTION" missed="4" covered="0"/><counter type="LINE" missed="2" covered="0"/><counter type="COMPLEXITY" missed="1" covered="0"/><counter type="METHOD" missed="1" covered="0"/></method><method name="getAnswer" desc="()Lntnu/fullstacksuperteam/backend/model/SlideAnswer;" line="20"><counter type="INSTRUCTION" missed="0" covered="3"/><counter type="LINE" missed="0" covered="1"/><counter type="COMPLEXITY" missed="0" covered="1"/><counter type="METHOD" missed="0" covered="1"/></method><method name="setAnswer" desc="(Lntnu/fullstacksuperteam/backend/model/SlideAnswer;)V" line="25"><counter type="INSTRUCTION" missed="0" covered="4"/><counter type="LINE" missed="0" covered="2"/><counter type="COMPLEXITY" missed="0" covered="1"/><counter type="METHOD" missed="0" covered="1"/></method><counter type="INSTRUCTION" missed="4" covered="10"/><counter type="LINE" missed="2" covered="4"/><counter type="COMPLEXITY" missed="1" covered="3"/><counter type="METHOD" missed="1" covered="3"/><counter type="CLASS" missed="0" covered="1"/></class><class name="ntnu/fullstacksuperteam/backend/model/TrueOrFalseAnswer" sourcefilename="TrueOrFalseAnswer.java"><method name="&lt;init&gt;" desc="()V" line="13"><counter type="INSTRUCTION" missed="0" covered="3"/><counter type="LINE" missed="0" covered="1"/><counter type="COMPLEXITY" missed="0" covered="1"/><counter type="METHOD" missed="0" covered="1"/></method><method name="getText" desc="()Ljava/lang/String;" line="16"><counter type="INSTRUCTION" missed="0" covered="3"/><counter type="LINE" missed="0" covered="1"/><counter type="COMPLEXITY" missed="0" covered="1"/><counter type="METHOD" missed="0" covered="1"/></method><method name="setText" desc="(Ljava/lang/String;)V" line="20"><counter type="INSTRUCTION" missed="0" covered="4"/><counter type="LINE" missed="0" covered="2"/><counter type="COMPLEXITY" missed="0" covered="1"/><counter type="METHOD" missed="0" covered="1"/></method><method name="isIsCorrect" desc="()Z" line="24"><counter type="INSTRUCTION" missed="0" covered="3"/><counter type="LINE" missed="0" covered="1"/><counter type="COMPLEXITY" missed="0" covered="1"/><counter type="METHOD" missed="0" covered="1"/></method><method name="setIsCorrect" desc="(Z)V" line="28"><counter type="INSTRUCTION" missed="0" covered="4"/><counter type="LINE" missed="0" covered="2"/><counter type="COMPLEXITY" missed="0" covered="1"/><counter type="METHOD" missed="0" covered="1"/></method><counter type="INSTRUCTION" missed="0" covered="17"/><counter type="LINE" missed="0" covered="7"/><counter type="COMPLEXITY" missed="0" covered="5"/><counter type="METHOD" missed="0" covered="5"/><counter type="CLASS" missed="0" covered="1"/></class><class name="ntnu/fullstacksuperteam/backend/model/Quiz" sourcefilename="Quiz.java"><method name="&lt;init&gt;" desc="()V" line="46"><counter type="INSTRUCTION" missed="0" covered="3"/><counter type="LINE" missed="0" covered="1"/><counter type="COMPLEXITY" missed="0" covered="1"/><counter type="METHOD" missed="0" covered="1"/></method><method name="getId" desc="()J" line="49"><counter type="INSTRUCTION" missed="0" covered="3"/><counter type="LINE" missed="0" covered="1"/><counter type="COMPLEXITY" missed="0" covered="1"/><counter type="METHOD" missed="0" covered="1"/></method><method name="setId" desc="(J)V" line="53"><counter type="INSTRUCTION" missed="0" covered="4"/><counter type="LINE" missed="0" covered="2"/><counter type="COMPLEXITY" missed="0" covered="1"/><counter type="METHOD" missed="0" covered="1"/></method><method name="getTitle" desc="()Ljava/lang/String;" line="57"><counter type="INSTRUCTION" missed="0" covered="3"/><counter type="LINE" missed="0" covered="1"/><counter type="COMPLEXITY" missed="0" covered="1"/><counter type="METHOD" missed="0" covered="1"/></method><method name="setTitle" desc="(Ljava/lang/String;)V" line="61"><counter type="INSTRUCTION" missed="0" covered="4"/><counter type="LINE" missed="0" covered="2"/><counter type="COMPLEXITY" missed="0" covered="1"/><counter type="METHOD" missed="0" covered="1"/></method><method name="getQuestions" desc="()Ljava/util/List;" line="65"><counter type="INSTRUCTION" missed="0" covered="3"/><counter type="LINE" missed="0" covered="1"/><counter type="COMPLEXITY" missed="0" covered="1"/><counter type="METHOD" missed="0" covered="1"/></method><method name="setQuestions" desc="(Ljava/util/List;)V" line="69"><counter type="INSTRUCTION" missed="0" covered="4"/><counter type="LINE" missed="0" covered="2"/><counter type="COMPLEXITY" missed="0" covered="1"/><counter type="METHOD" missed="0" covered="1"/></method><method name="getCategory" desc="()Lntnu/fullstacksuperteam/backend/model/Category;" line="73"><counter type="INSTRUCTION" missed="3" covered="0"/><counter type="LINE" missed="1" covered="0"/><counter type="COMPLEXITY" missed="1" covered="0"/><counter type="METHOD" missed="1" covered="0"/></method><method name="setCategory" desc="(Lntnu/fullstacksuperteam/backend/model/Category;)V" line="77"><counter type="INSTRUCTION" missed="0" covered="4"/><counter type="LINE" missed="0" covered="2"/><counter type="COMPLEXITY" missed="0" covered="1"/><counter type="METHOD" missed="0" covered="1"/></method><method name="getDifficultyLevel" desc="()Lntnu/fullstacksuperteam/backend/model/DifficultyLevel;" line="81"><counter type="INSTRUCTION" missed="0" covered="3"/><counter type="LINE" missed="0" covered="1"/><counter type="COMPLEXITY" missed="0" covered="1"/><counter type="METHOD" missed="0" covered="1"/></method><method name="setDifficultyLevel" desc="(Lntnu/fullstacksuperteam/backend/model/DifficultyLevel;)V" line="85"><counter type="INSTRUCTION" missed="0" covered="4"/><counter type="LINE" missed="0" covered="2"/><counter type="COMPLEXITY" missed="0" covered="1"/><counter type="METHOD" missed="0" covered="1"/></method><method name="getDescription" desc="()Ljava/lang/String;" line="89"><counter type="INSTRUCTION" missed="0" covered="3"/><counter type="LINE" missed="0" covered="1"/><counter type="COMPLEXITY" missed="0" covered="1"/><counter type="METHOD" missed="0" covered="1"/></method><method name="setDescription" desc="(Ljava/lang/String;)V" line="93"><counter type="INSTRUCTION" missed="0" covered="4"/><counter type="LINE" missed="0" covered="2"/><counter type="COMPLEXITY" missed="0" covered="1"/><counter type="METHOD" missed="0" covered="1"/></method><method name="getRandomize" desc="()Z" line="97"><counter type="INSTRUCTION" missed="3" covered="0"/><counter type="LINE" missed="1" covered="0"/><counter type="COMPLEXITY" missed="1" covered="0"/><counter type="METHOD" missed="1" covered="0"/></method><method name="setRandomize" desc="(Z)V" line="101"><counter type="INSTRUCTION" missed="0" covered="4"/><counter type="LINE" missed="0" covered="2"/><counter type="COMPLEXITY" missed="0" covered="1"/><counter type="METHOD" missed="0" covered="1"/></method><method name="getAuthor" desc="()Lntnu/fullstacksuperteam/backend/model/User;" line="105"><counter type="INSTRUCTION" missed="0" covered="3"/><counter type="LINE" missed="0" covered="1"/><counter type="COMPLEXITY" missed="0" covered="1"/><counter type="METHOD" missed="0" covered="1"/></method><method name="setAuthor" desc="(Lntnu/fullstacksuperteam/backend/model/User;)V" line="109"><counter type="INSTRUCTION" missed="0" covered="4"/><counter type="LINE" missed="0" covered="2"/><counter type="COMPLEXITY" missed="0" covered="1"/><counter type="METHOD" missed="0" covered="1"/></method><method name="getCreatedAt" desc="()Ljava/util/Date;" line="113"><counter type="INSTRUCTION" missed="0" covered="3"/><counter type="LINE" missed="0" covered="1"/><counter type="COMPLEXITY" missed="0" covered="1"/><counter type="METHOD" missed="0" covered="1"/></method><method name="setCreatedAt" desc="(Ljava/util/Date;)V" line="117"><counter type="INSTRUCTION" missed="0" covered="4"/><counter type="LINE" missed="0" covered="2"/><counter type="COMPLEXITY" missed="0" covered="1"/><counter type="METHOD" missed="0" covered="1"/></method><method name="getUpdatedAt" desc="()Ljava/util/Date;" line="121"><counter type="INSTRUCTION" missed="0" covered="3"/><counter type="LINE" missed="0" covered="1"/><counter type="COMPLEXITY" missed="0" covered="1"/><counter type="METHOD" missed="0" covered="1"/></method><method name="setUpdatedAt" desc="(Ljava/util/Date;)V" line="125"><counter type="INSTRUCTION" missed="0" covered="4"/><counter type="LINE" missed="0" covered="2"/><counter type="COMPLEXITY" missed="0" covered="1"/><counter type="METHOD" missed="0" covered="1"/></method><counter type="INSTRUCTION" missed="6" covered="67"/><counter type="LINE" missed="2" covered="29"/><counter type="COMPLEXITY" missed="2" covered="19"/><counter type="METHOD" missed="2" covered="19"/><counter type="CLASS" missed="0" covered="1"/></class><class name="ntnu/fullstacksuperteam/backend/model/Token" sourcefilename="Token.java"><method name="&lt;init&gt;" desc="(Ljava/lang/String;)V" line="6"><counter type="INSTRUCTION" missed="0" covered="6"/><counter type="LINE" missed="0" covered="3"/><counter type="COMPLEXITY" missed="0" covered="1"/><counter type="METHOD" missed="0" covered="1"/></method><method name="getToken" desc="()Ljava/lang/String;" line="11"><counter type="INSTRUCTION" missed="0" covered="3"/><counter type="LINE" missed="0" covered="1"/><counter type="COMPLEXITY" missed="0" covered="1"/><counter type="METHOD" missed="0" covered="1"/></method><counter type="INSTRUCTION" missed="0" covered="9"/><counter type="LINE" missed="0" covered="4"/><counter type="COMPLEXITY" missed="0" covered="2"/><counter type="METHOD" missed="0" covered="2"/><counter type="CLASS" missed="0" covered="1"/></class><class name="ntnu/fullstacksuperteam/backend/model/User" sourcefilename="User.java"><method name="&lt;init&gt;" desc="()V" line="42"><counter type="INSTRUCTION" missed="0" covered="3"/><counter type="LINE" missed="0" covered="1"/><counter type="COMPLEXITY" missed="0" covered="1"/><counter type="METHOD" missed="0" covered="1"/></method><method name="getId" desc="()Ljava/lang/Long;" line="45"><counter type="INSTRUCTION" missed="0" covered="3"/><counter type="LINE" missed="0" covered="1"/><counter type="COMPLEXITY" missed="0" covered="1"/><counter type="METHOD" missed="0" covered="1"/></method><method name="getFirstName" desc="()Ljava/lang/String;" line="49"><counter type="INSTRUCTION" missed="0" covered="3"/><counter type="LINE" missed="0" covered="1"/><counter type="COMPLEXITY" missed="0" covered="1"/><counter type="METHOD" missed="0" covered="1"/></method><method name="getLastName" desc="()Ljava/lang/String;" line="52"><counter type="INSTRUCTION" missed="0" covered="3"/><counter type="LINE" missed="0" covered="1"/><counter type="COMPLEXITY" missed="0" covered="1"/><counter type="METHOD" missed="0" covered="1"/></method><method name="getUsername" desc="()Ljava/lang/String;" line="56"><counter type="INSTRUCTION" missed="0" covered="3"/><counter type="LINE" missed="0" covered="1"/><counter type="COMPLEXITY" missed="0" covered="1"/><counter type="METHOD" missed="0" covered="1"/></method><method name="getPassword" desc="()Ljava/lang/String;" line="60"><counter type="INSTRUCTION" missed="0" covered="3"/><counter type="LINE" missed="0" covered="1"/><counter type="COMPLEXITY" missed="0" covered="1"/><counter type="METHOD" missed="0" covered="1"/></method><method name="getEmail" desc="()Ljava/lang/String;" line="64"><counter type="INSTRUCTION" missed="0" covered="3"/><counter type="LINE" missed="0" covered="1"/><counter type="COMPLEXITY" missed="0" covered="1"/><counter type="METHOD" missed="0" covered="1"/></method><method name="getCreatedAt" desc="()Ljava/util/Date;" line="68"><counter type="INSTRUCTION" missed="3" covered="0"/><counter type="LINE" missed="1" covered="0"/><counter type="COMPLEXITY" missed="1" covered="0"/><counter type="METHOD" missed="1" covered="0"/></method><method name="getUpdatedAt" desc="()Ljava/util/Date;" line="72"><counter type="INSTRUCTION" missed="3" covered="0"/><counter type="LINE" missed="1" covered="0"/><counter type="COMPLEXITY" missed="1" covered="0"/><counter type="METHOD" missed="1" covered="0"/></method><method name="getScoreList" desc="()Ljava/util/List;" line="76"><counter type="INSTRUCTION" missed="0" covered="3"/><counter type="LINE" missed="0" covered="1"/><counter type="COMPLEXITY" missed="0" covered="1"/><counter type="METHOD" missed="0" covered="1"/></method><method name="setId" desc="(Ljava/lang/Long;)V" line="80"><counter type="INSTRUCTION" missed="0" covered="4"/><counter type="LINE" missed="0" covered="2"/><counter type="COMPLEXITY" missed="0" covered="1"/><counter type="METHOD" missed="0" covered="1"/></method><method name="setFirstName" desc="(Ljava/lang/String;)V" line="84"><counter type="INSTRUCTION" missed="0" covered="4"/><counter type="LINE" missed="0" covered="2"/><counter type="COMPLEXITY" missed="0" covered="1"/><counter type="METHOD" missed="0" covered="1"/></method><method name="setLastName" desc="(Ljava/lang/String;)V" line="88"><counter type="INSTRUCTION" missed="0" covered="4"/><counter type="LINE" missed="0" covered="2"/><counter type="COMPLEXITY" missed="0" covered="1"/><counter type="METHOD" missed="0" covered="1"/></method><method name="setUsername" desc="(Ljava/lang/String;)V" line="92"><counter type="INSTRUCTION" missed="0" covered="4"/><counter type="LINE" missed="0" covered="2"/><counter type="COMPLEXITY" missed="0" covered="1"/><counter type="METHOD" missed="0" covered="1"/></method><method name="setEmail" desc="(Ljava/lang/String;)V" line="96"><counter type="INSTRUCTION" missed="0" covered="4"/><counter type="LINE" missed="0" covered="2"/><counter type="COMPLEXITY" missed="0" covered="1"/><counter type="METHOD" missed="0" covered="1"/></method><method name="setPassword" desc="(Ljava/lang/String;)V" line="100"><counter type="INSTRUCTION" missed="0" covered="4"/><counter type="LINE" missed="0" covered="2"/><counter type="COMPLEXITY" missed="0" covered="1"/><counter type="METHOD" missed="0" covered="1"/></method><method name="setScoreList" desc="(Ljava/util/List;)V" line="104"><counter type="INSTRUCTION" missed="0" covered="4"/><counter type="LINE" missed="0" covered="2"/><counter type="COMPLEXITY" missed="0" covered="1"/><counter type="METHOD" missed="0" covered="1"/></method><method name="toString" desc="()Ljava/lang/String;" line="108"><counter type="INSTRUCTION" missed="0" covered="12"/><counter type="LINE" missed="0" covered="1"/><counter type="COMPLEXITY" missed="0" covered="1"/><counter type="METHOD" missed="0" covered="1"/></method><counter type="INSTRUCTION" missed="6" covered="64"/><counter type="LINE" missed="2" covered="23"/><counter type="COMPLEXITY" missed="2" covered="16"/><counter type="METHOD" missed="2" covered="16"/><counter type="CLASS" missed="0" covered="1"/></class><class name="ntnu/fullstacksuperteam/backend/model/Score" sourcefilename="Score.java"><method name="&lt;init&gt;" desc="()V" line="33"><counter type="INSTRUCTION" missed="0" covered="3"/><counter type="LINE" missed="0" covered="1"/><counter type="COMPLEXITY" missed="0" covered="1"/><counter type="METHOD" missed="0" covered="1"/></method><method name="getId" desc="()J" line="36"><counter type="INSTRUCTION" missed="0" covered="3"/><counter type="LINE" missed="0" covered="1"/><counter type="COMPLEXITY" missed="0" covered="1"/><counter type="METHOD" missed="0" covered="1"/></method><method name="getUser" desc="()Lntnu/fullstacksuperteam/backend/model/User;" line="40"><counter type="INSTRUCTION" missed="0" covered="3"/><counter type="LINE" missed="0" covered="1"/><counter type="COMPLEXITY" missed="0" covered="1"/><counter type="METHOD" missed="0" covered="1"/></method><method name="getPoints" desc="()I" line="44"><counter type="INSTRUCTION" missed="0" covered="3"/><counter type="LINE" missed="0" covered="1"/><counter type="COMPLEXITY" missed="0" covered="1"/><counter type="METHOD" missed="0" covered="1"/></method><method name="getQuiz" desc="()Lntnu/fullstacksuperteam/backend/model/Quiz;" line="48"><counter type="INSTRUCTION" missed="0" covered="3"/><counter type="LINE" missed="0" covered="1"/><counter type="COMPLEXITY" missed="0" covered="1"/><counter type="METHOD" missed="0" covered="1"/></method><method name="getDate" desc="()Ljava/util/Date;" line="52"><counter type="INSTRUCTION" missed="0" covered="3"/><counter type="LINE" missed="0" covered="1"/><counter type="COMPLEXITY" missed="0" covered="1"/><counter type="METHOD" missed="0" covered="1"/></method><method name="setUser" desc="(Lntnu/fullstacksuperteam/backend/model/User;)V" line="56"><counter type="INSTRUCTION" missed="0" covered="4"/><counter type="LINE" missed="0" covered="2"/><counter type="COMPLEXITY" missed="0" covered="1"/><counter type="METHOD" missed="0" covered="1"/></method><method name="setPoints" desc="(I)V" line="60"><counter type="INSTRUCTION" missed="0" covered="4"/><counter type="LINE" missed="0" covered="2"/><counter type="COMPLEXITY" missed="0" covered="1"/><counter type="METHOD" missed="0" covered="1"/></method><method name="setQuiz" desc="(Lntnu/fullstacksuperteam/backend/model/Quiz;)V" line="64"><counter type="INSTRUCTION" missed="0" covered="4"/><counter type="LINE" missed="0" covered="2"/><counter type="COMPLEXITY" missed="0" covered="1"/><counter type="METHOD" missed="0" covered="1"/></method><counter type="INSTRUCTION" missed="0" covered="30"/><counter type="LINE" missed="0" covered="12"/><counter type="COMPLEXITY" missed="0" covered="9"/><counter type="METHOD" missed="0" covered="9"/><counter type="CLASS" missed="0" covered="1"/></class><class name="ntnu/fullstacksuperteam/backend/model/SlideAnswer" sourcefilename="SlideAnswer.java"><method name="&lt;init&gt;" desc="()V" line="15"><counter type="INSTRUCTION" missed="0" covered="3"/><counter type="LINE" missed="0" covered="1"/><counter type="COMPLEXITY" missed="0" covered="1"/><counter type="METHOD" missed="0" covered="1"/></method><method name="getMin" desc="()I" line="18"><counter type="INSTRUCTION" missed="0" covered="3"/><counter type="LINE" missed="0" covered="1"/><counter type="COMPLEXITY" missed="0" covered="1"/><counter type="METHOD" missed="0" covered="1"/></method><method name="setMin" desc="(I)V" line="22"><counter type="INSTRUCTION" missed="0" covered="4"/><counter type="LINE" missed="0" covered="2"/><counter type="COMPLEXITY" missed="0" covered="1"/><counter type="METHOD" missed="0" covered="1"/></method><method name="getMax" desc="()I" line="26"><counter type="INSTRUCTION" missed="0" covered="3"/><counter type="LINE" missed="0" covered="1"/><counter type="COMPLEXITY" missed="0" covered="1"/><counter type="METHOD" missed="0" covered="1"/></method><method name="setMax" desc="(I)V" line="30"><counter type="INSTRUCTION" missed="0" covered="4"/><counter type="LINE" missed="0" covered="2"/><counter type="COMPLEXITY" missed="0" covered="1"/><counter type="METHOD" missed="0" covered="1"/></method><method name="getCorrectValue" desc="()I" line="34"><counter type="INSTRUCTION" missed="0" covered="3"/><counter type="LINE" missed="0" covered="1"/><counter type="COMPLEXITY" missed="0" covered="1"/><counter type="METHOD" missed="0" covered="1"/></method><method name="setCorrectValue" desc="(I)V" line="38"><counter type="INSTRUCTION" missed="0" covered="4"/><counter type="LINE" missed="0" covered="2"/><counter type="COMPLEXITY" missed="0" covered="1"/><counter type="METHOD" missed="0" covered="1"/></method><method name="getStepSize" desc="()I" line="42"><counter type="INSTRUCTION" missed="0" covered="3"/><counter type="LINE" missed="0" covered="1"/><counter type="COMPLEXITY" missed="0" covered="1"/><counter type="METHOD" missed="0" covered="1"/></method><method name="setStepSize" desc="(I)V" line="46"><counter type="INSTRUCTION" missed="0" covered="4"/><counter type="LINE" missed="0" covered="2"/><counter type="COMPLEXITY" missed="0" covered="1"/><counter type="METHOD" missed="0" covered="1"/></method><counter type="INSTRUCTION" missed="0" covered="31"/><counter type="LINE" missed="0" covered="13"/><counter type="COMPLEXITY" missed="0" covered="9"/><counter type="METHOD" missed="0" covered="9"/><counter type="CLASS" missed="0" covered="1"/></class><class name="ntnu/fullstacksuperteam/backend/model/DifficultyLevel" sourcefilename="DifficultyLevel.java"><method name="fromInt" desc="(I)Lntnu/fullstacksuperteam/backend/model/DifficultyLevel;" line="12"><counter type="INSTRUCTION" missed="14" covered="0"/><counter type="BRANCH" missed="4" covered="0"/><counter type="LINE" missed="5" covered="0"/><counter type="COMPLEXITY" missed="4" covered="0"/><counter type="METHOD" missed="1" covered="0"/></method><method name="&lt;clinit&gt;" desc="()V" line="5"><counter type="INSTRUCTION" missed="0" covered="21"/><counter type="LINE" missed="0" covered="4"/><counter type="COMPLEXITY" missed="0" covered="1"/><counter type="METHOD" missed="0" covered="1"/></method><counter type="INSTRUCTION" missed="14" covered="21"/><counter type="BRANCH" missed="4" covered="0"/><counter type="LINE" missed="5" covered="4"/><counter type="COMPLEXITY" missed="4" covered="1"/><counter type="METHOD" missed="1" covered="1"/><counter type="CLASS" missed="0" covered="1"/></class><class name="ntnu/fullstacksuperteam/backend/model/Answer" sourcefilename="Answer.java"><method name="&lt;init&gt;" desc="()V" line="20"><counter type="INSTRUCTION" missed="0" covered="3"/><counter type="LINE" missed="0" covered="1"/><counter type="COMPLEXITY" missed="0" covered="1"/><counter type="METHOD" missed="0" covered="1"/></method><method name="getId" desc="()J" line="23"><counter type="INSTRUCTION" missed="0" covered="3"/><counter type="LINE" missed="0" covered="1"/><counter type="COMPLEXITY" missed="0" covered="1"/><counter type="METHOD" missed="0" covered="1"/></method><method name="setId" desc="(J)V" line="27"><counter type="INSTRUCTION" missed="0" covered="4"/><counter type="LINE" missed="0" covered="2"/><counter type="COMPLEXITY" missed="0" covered="1"/><counter type="METHOD" missed="0" covered="1"/></method><method name="getQuestion" desc="()Lntnu/fullstacksuperteam/backend/model/Question;" line="31"><counter type="INSTRUCTION" missed="0" covered="3"/><counter type="LINE" missed="0" covered="1"/><counter type="COMPLEXITY" missed="0" covered="1"/><counter type="METHOD" missed="0" covered="1"/></method><method name="setQuestion" desc="(Lntnu/fullstacksuperteam/backend/model/Question;)V" line="35"><counter type="INSTRUCTION" missed="0" covered="4"/><counter type="LINE" missed="0" covered="2"/><counter type="COMPLEXITY" missed="0" covered="1"/><counter type="METHOD" missed="0" covered="1"/></method><counter type="INSTRUCTION" missed="0" covered="17"/><counter type="LINE" missed="0" covered="7"/><counter type="COMPLEXITY" missed="0" covered="5"/><counter type="METHOD" missed="0" covered="5"/><counter type="CLASS" missed="0" covered="1"/></class><class name="ntnu/fullstacksuperteam/backend/model/Category" sourcefilename="Category.java"><method name="fromString" desc="(Ljava/lang/String;)Lntnu/fullstacksuperteam/backend/model/Category;" line="15"><counter type="INSTRUCTION" missed="0" covered="20"/><counter type="BRANCH" missed="0" covered="6"/><counter type="LINE" missed="0" covered="7"/><counter type="COMPLEXITY" missed="0" covered="6"/><counter type="METHOD" missed="0" covered="1"/></method><method name="&lt;clinit&gt;" desc="()V" line="5"><counter type="INSTRUCTION" missed="0" covered="39"/><counter type="LINE" missed="0" covered="7"/><counter type="COMPLEXITY" missed="0" covered="1"/><counter type="METHOD" missed="0" covered="1"/></method><counter type="INSTRUCTION" missed="0" covered="59"/><counter type="BRANCH" missed="0" covered="6"/><counter type="LINE" missed="0" covered="14"/><counter type="COMPLEXITY" missed="0" covered="7"/><counter type="METHOD" missed="0" covered="2"/><counter type="CLASS" missed="0" covered="1"/></class><class name="ntnu/fullstacksuperteam/backend/model/TextQuestion" sourcefilename="TextQuestion.java"><method name="&lt;init&gt;" desc="()V" line="17"><counter type="INSTRUCTION" missed="0" covered="8"/><counter type="LINE" missed="0" covered="3"/><counter type="COMPLEXITY" missed="0" covered="1"/><counter type="METHOD" missed="0" covered="1"/></method><method name="&lt;init&gt;" desc="(Lntnu/fullstacksuperteam/backend/model/Question;)V" line="22"><counter type="INSTRUCTION" missed="0" covered="9"/><counter type="LINE" missed="0" covered="3"/><counter type="COMPLEXITY" missed="0" covered="1"/><counter type="METHOD" missed="0" covered="1"/></method><method name="getAnswers" desc="()Ljava/util/List;" line="27"><counter type="INSTRUCTION" missed="0" covered="3"/><counter type="LINE" missed="0" covered="1"/><counter type="COMPLEXITY" missed="0" covered="1"/><counter type="METHOD" missed="0" covered="1"/></method><method name="setAnswers" desc="(Ljava/util/List;)V" line="31"><counter type="INSTRUCTION" missed="0" covered="4"/><counter type="LINE" missed="0" covered="2"/><counter type="COMPLEXITY" missed="0" covered="1"/><counter type="METHOD" missed="0" covered="1"/></method><method name="addAnswer" desc="(Lntnu/fullstacksuperteam/backend/model/TextAnswer;)V" line="35"><counter type="INSTRUCTION" missed="0" covered="6"/><counter type="LINE" missed="0" covered="2"/><counter type="COMPLEXITY" missed="0" covered="1"/><counter type="METHOD" missed="0" covered="1"/></method><counter type="INSTRUCTION" missed="0" covered="30"/><counter type="LINE" missed="0" covered="11"/><counter type="COMPLEXITY" missed="0" covered="5"/><counter type="METHOD" missed="0" covered="5"/><counter type="CLASS" missed="0" covered="1"/></class><class name="ntnu/fullstacksuperteam/backend/model/Tag" sourcefilename="Tag.java"><method name="&lt;init&gt;" desc="()V" line="6"><counter type="INSTRUCTION" missed="3" covered="0"/><counter type="LINE" missed="1" covered="0"/><counter type="COMPLEXITY" missed="1" covered="0"/><counter type="METHOD" missed="1" covered="0"/></method><method name="&lt;init&gt;" desc="(Ljava/lang/String;)V" line="8"><counter type="INSTRUCTION" missed="6" covered="0"/><counter type="LINE" missed="3" covered="0"/><counter type="COMPLEXITY" missed="1" covered="0"/><counter type="METHOD" missed="1" covered="0"/></method><method name="getText" desc="()Ljava/lang/String;" line="13"><counter type="INSTRUCTION" missed="3" covered="0"/><counter type="LINE" missed="1" covered="0"/><counter type="COMPLEXITY" missed="1" covered="0"/><counter type="METHOD" missed="1" covered="0"/></method><method name="setText" desc="(Ljava/lang/String;)V" line="17"><counter type="INSTRUCTION" missed="4" covered="0"/><counter type="LINE" missed="2" covered="0"/><counter type="COMPLEXITY" missed="1" covered="0"/><counter type="METHOD" missed="1" covered="0"/></method><counter type="INSTRUCTION" missed="16" covered="0"/><counter type="LINE" missed="7" covered="0"/><counter type="COMPLEXITY" missed="4" covered="0"/><counter type="METHOD" missed="4" covered="0"/><counter type="CLASS" missed="1" covered="0"/></class><sourcefile name="SlideAnswer.java"><line nr="15" mi="0" ci="3" mb="0" cb="0"/><line nr="18" mi="0" ci="3" mb="0" cb="0"/><line nr="22" mi="0" ci="3" mb="0" cb="0"/><line nr="23" mi="0" ci="1" mb="0" cb="0"/><line nr="26" mi="0" ci="3" mb="0" cb="0"/><line nr="30" mi="0" ci="3" mb="0" cb="0"/><line nr="31" mi="0" ci="1" mb="0" cb="0"/><line nr="34" mi="0" ci="3" mb="0" cb="0"/><line nr="38" mi="0" ci="3" mb="0" cb="0"/><line nr="39" mi="0" ci="1" mb="0" cb="0"/><line nr="42" mi="0" ci="3" mb="0" cb="0"/><line nr="46" mi="0" ci="3" mb="0" cb="0"/><line nr="47" mi="0" ci="1" mb="0" cb="0"/><counter type="INSTRUCTION" missed="0" covered="31"/><counter type="LINE" missed="0" covered="13"/><counter type="COMPLEXITY" missed="0" covered="9"/><counter type="METHOD" missed="0" covered="9"/><counter type="CLASS" missed="0" covered="1"/></sourcefile><sourcefile name="TextQuestion.java"><line nr="17" mi="0" ci="2" mb="0" cb="0"/><line nr="18" mi="0" ci="5" mb="0" cb="0"/><line nr="19" mi="0" ci="1" mb="0" cb="0"/><line nr="22" mi="0" ci="3" mb="0" cb="0"/><line nr="23" mi="0" ci="5" mb="0" cb="0"/><line nr="24" mi="0" ci="1" mb="0" cb="0"/><line nr="27" mi="0" ci="3" mb="0" cb="0"/><line nr="31" mi="0" ci="3" mb="0" cb="0"/><line nr="32" mi="0" ci="1" mb="0" cb="0"/><line nr="35" mi="0" ci="5" mb="0" cb="0"/><line nr="36" mi="0" ci="1" mb="0" cb="0"/><counter type="INSTRUCTION" missed="0" covered="30"/><counter type="LINE" missed="0" covered="11"/><counter type="COMPLEXITY" missed="0" covered="5"/><counter type="METHOD" missed="0" covered="5"/><counter type="CLASS" missed="0" covered="1"/></sourcefile><sourcefile name="Question.java"><line nr="47" mi="0" ci="3" mb="0" cb="0"/><line nr="49" mi="0" ci="2" mb="0" cb="0"/><line nr="50" mi="0" ci="4" mb="0" cb="0"/><line nr="51" mi="0" ci="4" mb="0" cb="0"/><line nr="52" mi="0" ci="4" mb="0" cb="0"/><line nr="53" mi="0" ci="4" mb="0" cb="0"/><line nr="54" mi="0" ci="4" mb="0" cb="0"/><line nr="55" mi="0" ci="4" mb="0" cb="0"/><line nr="56" mi="0" ci="4" mb="0" cb="0"/><line nr="57" mi="0" ci="4" mb="0" cb="0"/><line nr="58" mi="0" ci="1" mb="0" cb="0"/><line nr="62" mi="0" ci="3" mb="0" cb="0"/><line nr="66" mi="0" ci="3" mb="0" cb="0"/><line nr="67" mi="0" ci="1" mb="0" cb="0"/><line nr="70" mi="0" ci="3" mb="0" cb="0"/><line nr="74" mi="0" ci="3" mb="0" cb="0"/><line nr="75" mi="0" ci="1" mb="0" cb="0"/><line nr="78" mi="0" ci="3" mb="0" cb="0"/><line nr="82" mi="0" ci="3" mb="0" cb="0"/><line nr="83" mi="0" ci="1" mb="0" cb="0"/><line nr="86" mi="0" ci="3" mb="0" cb="0"/><line nr="90" mi="0" ci="3" mb="0" cb="0"/><line nr="91" mi="0" ci="1" mb="0" cb="0"/><line nr="94" mi="0" ci="3" mb="0" cb="0"/><line nr="98" mi="0" ci="3" mb="0" cb="0"/><line nr="99" mi="0" ci="1" mb="0" cb="0"/><line nr="102" mi="0" ci="3" mb="0" cb="0"/><line nr="106" mi="0" ci="3" mb="0" cb="0"/><counter type="INSTRUCTION" missed="0" covered="79"/><counter type="LINE" missed="0" covered="28"/><counter type="COMPLEXITY" missed="0" covered="14"/><counter type="METHOD" missed="0" covered="14"/><counter type="CLASS" missed="0" covered="1"/></sourcefile><sourcefile name="Feedback.java"><line nr="29" mi="0" ci="3" mb="0" cb="0"/><line nr="32" mi="0" ci="3" mb="0" cb="0"/><line nr="36" mi="0" ci="3" mb="0" cb="0"/><line nr="40" mi="0" ci="3" mb="0" cb="0"/><line nr="44" mi="3" ci="0" mb="0" cb="0"/><line nr="48" mi="0" ci="3" mb="0" cb="0"/><line nr="49" mi="0" ci="1" mb="0" cb="0"/><line nr="52" mi="0" ci="3" mb="0" cb="0"/><line nr="53" mi="0" ci="1" mb="0" cb="0"/><line nr="56" mi="0" ci="3" mb="0" cb="0"/><line nr="57" mi="0" ci="1" mb="0" cb="0"/><line nr="60" mi="0" ci="9" mb="0" cb="0"/><counter type="INSTRUCTION" missed="3" covered="33"/><counter type="LINE" missed="1" covered="11"/><counter type="COMPLEXITY" missed="1" covered="8"/><counter type="METHOD" missed="1" covered="8"/><counter type="CLASS" missed="0" covered="1"/></sourcefile><sourcefile name="Answer.java"><line nr="20" mi="0" ci="3" mb="0" cb="0"/><line nr="23" mi="0" ci="3" mb="0" cb="0"/><line nr="27" mi="0" ci="3" mb="0" cb="0"/><line nr="28" mi="0" ci="1" mb="0" cb="0"/><line nr="31" mi="0" ci="3" mb="0" cb="0"/><line nr="35" mi="0" ci="3" mb="0" cb="0"/><line nr="36" mi="0" ci="1" mb="0" cb="0"/><counter type="INSTRUCTION" missed="0" covered="17"/><counter type="LINE" missed="0" covered="7"/><counter type="COMPLEXITY" missed="0" covered="5"/><counter type="METHOD" missed="0" covered="5"/><counter type="CLASS" missed="0" covered="1"/></sourcefile><sourcefile name="TrueOrFalseQuestion.java"><line nr="17" mi="0" ci="2" mb="0" cb="0"/><line nr="18" mi="0" ci="5" mb="0" cb="0"/><line nr="19" mi="0" ci="1" mb="0" cb="0"/><line nr="22" mi="3" ci="0" mb="0" cb="0"/><line nr="23" mi="5" ci="0" mb="0" cb="0"/><line nr="24" mi="1" ci="0" mb="0" cb="0"/><line nr="27" mi="0" ci="3" mb="0" cb="0"/><line nr="31" mi="0" ci="3" mb="0" cb="0"/><line nr="32" mi="0" ci="1" mb="0" cb="0"/><line nr="35" mi="0" ci="5" mb="0" cb="0"/><line nr="36" mi="0" ci="1" mb="0" cb="0"/><counter type="INSTRUCTION" missed="9" covered="21"/><counter type="LINE" missed="3" covered="8"/><counter type="COMPLEXITY" missed="1" covered="4"/><counter type="METHOD" missed="1" covered="4"/><counter type="CLASS" missed="0" covered="1"/></sourcefile><sourcefile name="Score.java"><line nr="33" mi="0" ci="3" mb="0" cb="0"/><line nr="36" mi="0" ci="3" mb="0" cb="0"/><line nr="40" mi="0" ci="3" mb="0" cb="0"/><line nr="44" mi="0" ci="3" mb="0" cb="0"/><line nr="48" mi="0" ci="3" mb="0" cb="0"/><line nr="52" mi="0" ci="3" mb="0" cb="0"/><line nr="56" mi="0" ci="3" mb="0" cb="0"/><line nr="57" mi="0" ci="1" mb="0" cb="0"/><line nr="60" mi="0" ci="3" mb="0" cb="0"/><line nr="61" mi="0" ci="1" mb="0" cb="0"/><line nr="64" mi="0" ci="3" mb="0" cb="0"/><line nr="65" mi="0" ci="1" mb="0" cb="0"/><counter type="INSTRUCTION" missed="0" covered="30"/><counter type="LINE" missed="0" covered="12"/><counter type="COMPLEXITY" missed="0" covered="9"/><counter type="METHOD" missed="0" covered="9"/><counter type="CLASS" missed="0" covered="1"/></sourcefile><sourcefile name="Tag.java"><line nr="6" mi="3" ci="0" mb="0" cb="0"/><line nr="8" mi="2" ci="0" mb="0" cb="0"/><line nr="9" mi="3" ci="0" mb="0" cb="0"/><line nr="10" mi="1" ci="0" mb="0" cb="0"/><line nr="13" mi="3" ci="0" mb="0" cb="0"/><line nr="17" mi="3" ci="0" mb="0" cb="0"/><line nr="18" mi="1" ci="0" mb="0" cb="0"/><counter type="INSTRUCTION" missed="16" covered="0"/><counter type="LINE" missed="7" covered="0"/><counter type="COMPLEXITY" missed="4" covered="0"/><counter type="METHOD" missed="4" covered="0"/><counter type="CLASS" missed="1" covered="0"/></sourcefile><sourcefile name="DifficultyLevel.java"><line nr="5" mi="0" ci="3" mb="0" cb="0"/><line nr="6" mi="0" ci="6" mb="0" cb="0"/><line nr="7" mi="0" ci="6" mb="0" cb="0"/><line nr="8" mi="0" ci="6" mb="0" cb="0"/><line nr="12" mi="3" ci="0" mb="4" cb="0"/><line nr="13" mi="2" ci="0" mb="0" cb="0"/><line nr="14" mi="2" ci="0" mb="0" cb="0"/><line nr="15" mi="2" ci="0" mb="0" cb="0"/><line nr="16" mi="5" ci="0" mb="0" cb="0"/><counter type="INSTRUCTION" missed="14" covered="21"/><counter type="BRANCH" missed="4" covered="0"/><counter type="LINE" missed="5" covered="4"/><counter type="COMPLEXITY" missed="4" covered="1"/><counter type="METHOD" missed="1" covered="1"/><counter type="CLASS" missed="0" covered="1"/></sourcefile><sourcefile name="Token.java"><line nr="6" mi="0" ci="2" mb="0" cb="0"/><line nr="7" mi="0" ci="3" mb="0" cb="0"/><line nr="8" mi="0" ci="1" mb="0" cb="0"/><line nr="11" mi="0" ci="3" mb="0" cb="0"/><counter type="INSTRUCTION" missed="0" covered="9"/><counter type="LINE" missed="0" covered="4"/><counter type="COMPLEXITY" missed="0" covered="2"/><counter type="METHOD" missed="0" covered="2"/><counter type="CLASS" missed="0" covered="1"/></sourcefile><sourcefile name="SlideQuestion.java"><line nr="14" mi="0" ci="3" mb="0" cb="0"/><line nr="17" mi="3" ci="0" mb="0" cb="0"/><line nr="18" mi="1" ci="0" mb="0" cb="0"/><line nr="20" mi="0" ci="3" mb="0" cb="0"/><line nr="25" mi="0" ci="3" mb="0" cb="0"/><line nr="26" mi="0" ci="1" mb="0" cb="0"/><counter type="INSTRUCTION" missed="4" covered="10"/><counter type="LINE" missed="2" covered="4"/><counter type="COMPLEXITY" missed="1" covered="3"/><counter type="METHOD" missed="1" covered="3"/><counter type="CLASS" missed="0" covered="1"/></sourcefile><sourcefile name="Quiz.java"><line nr="46" mi="0" ci="3" mb="0" cb="0"/><line nr="49" mi="0" ci="3" mb="0" cb="0"/><line nr="53" mi="0" ci="3" mb="0" cb="0"/><line nr="54" mi="0" ci="1" mb="0" cb="0"/><line nr="57" mi="0" ci="3" mb="0" cb="0"/><line nr="61" mi="0" ci="3" mb="0" cb="0"/><line nr="62" mi="0" ci="1" mb="0" cb="0"/><line nr="65" mi="0" ci="3" mb="0" cb="0"/><line nr="69" mi="0" ci="3" mb="0" cb="0"/><line nr="70" mi="0" ci="1" mb="0" cb="0"/><line nr="73" mi="3" ci="0" mb="0" cb="0"/><line nr="77" mi="0" ci="3" mb="0" cb="0"/><line nr="78" mi="0" ci="1" mb="0" cb="0"/><line nr="81" mi="0" ci="3" mb="0" cb="0"/><line nr="85" mi="0" ci="3" mb="0" cb="0"/><line nr="86" mi="0" ci="1" mb="0" cb="0"/><line nr="89" mi="0" ci="3" mb="0" cb="0"/><line nr="93" mi="0" ci="3" mb="0" cb="0"/><line nr="94" mi="0" ci="1" mb="0" cb="0"/><line nr="97" mi="3" ci="0" mb="0" cb="0"/><line nr="101" mi="0" ci="3" mb="0" cb="0"/><line nr="102" mi="0" ci="1" mb="0" cb="0"/><line nr="105" mi="0" ci="3" mb="0" cb="0"/><line nr="109" mi="0" ci="3" mb="0" cb="0"/><line nr="110" mi="0" ci="1" mb="0" cb="0"/><line nr="113" mi="0" ci="3" mb="0" cb="0"/><line nr="117" mi="0" ci="3" mb="0" cb="0"/><line nr="118" mi="0" ci="1" mb="0" cb="0"/><line nr="121" mi="0" ci="3" mb="0" cb="0"/><line nr="125" mi="0" ci="3" mb="0" cb="0"/><line nr="126" mi="0" ci="1" mb="0" cb="0"/><counter type="INSTRUCTION" missed="6" covered="67"/><counter type="LINE" missed="2" covered="29"/><counter type="COMPLEXITY" missed="2" covered="19"/><counter type="METHOD" missed="2" covered="19"/><counter type="CLASS" missed="0" covered="1"/></sourcefile><sourcefile name="TrueOrFalseAnswer.java"><line nr="13" mi="0" ci="3" mb="0" cb="0"/><line nr="16" mi="0" ci="3" mb="0" cb="0"/><line nr="20" mi="0" ci="3" mb="0" cb="0"/><line nr="21" mi="0" ci="1" mb="0" cb="0"/><line nr="24" mi="0" ci="3" mb="0" cb="0"/><line nr="28" mi="0" ci="3" mb="0" cb="0"/><line nr="29" mi="0" ci="1" mb="0" cb="0"/><counter type="INSTRUCTION" missed="0" covered="17"/><counter type="LINE" missed="0" covered="7"/><counter type="COMPLEXITY" missed="0" covered="5"/><counter type="METHOD" missed="0" covered="5"/><counter type="CLASS" missed="0" covered="1"/></sourcefile><sourcefile name="TextAnswer.java"><line nr="14" mi="0" ci="3" mb="0" cb="0"/><line nr="17" mi="0" ci="3" mb="0" cb="0"/><line nr="21" mi="0" ci="3" mb="0" cb="0"/><line nr="22" mi="0" ci="1" mb="0" cb="0"/><line nr="25" mi="0" ci="3" mb="0" cb="0"/><line nr="29" mi="0" ci="3" mb="0" cb="0"/><line nr="30" mi="0" ci="1" mb="0" cb="0"/><line nr="33" mi="0" ci="4" mb="0" cb="0"/><line nr="34" mi="0" ci="4" mb="0" cb="0"/><line nr="35" mi="0" ci="7" mb="0" cb="0"/><line nr="36" mi="0" ci="4" mb="0" cb="0"/><line nr="37" mi="0" ci="7" mb="0" cb="0"/><line nr="38" mi="0" ci="4" mb="0" cb="0"/><line nr="40" mi="0" ci="3" mb="0" cb="0"/><counter type="INSTRUCTION" missed="0" covered="50"/><counter type="LINE" missed="0" covered="14"/><counter type="COMPLEXITY" missed="0" covered="6"/><counter type="METHOD" missed="0" covered="6"/><counter type="CLASS" missed="0" covered="1"/></sourcefile><sourcefile name="Category.java"><line nr="5" mi="0" ci="3" mb="0" cb="0"/><line nr="6" mi="0" ci="6" mb="0" cb="0"/><line nr="7" mi="0" ci="6" mb="0" cb="0"/><line nr="8" mi="0" ci="6" mb="0" cb="0"/><line nr="9" mi="0" ci="6" mb="0" cb="0"/><line nr="10" mi="0" ci="6" mb="0" cb="0"/><line nr="11" mi="0" ci="6" mb="0" cb="0"/><line nr="15" mi="0" ci="9" mb="0" cb="6"/><line nr="16" mi="0" ci="2" mb="0" cb="0"/><line nr="17" mi="0" ci="2" mb="0" cb="0"/><line nr="18" mi="0" ci="2" mb="0" cb="0"/><line nr="19" mi="0" ci="2" mb="0" cb="0"/><line nr="20" mi="0" ci="2" mb="0" cb="0"/><line nr="21" mi="0" ci="1" mb="0" cb="0"/><counter type="INSTRUCTION" missed="0" covered="59"/><counter type="BRANCH" missed="0" covered="6"/><counter type="LINE" missed="0" covered="14"/><counter type="COMPLEXITY" missed="0" covered="7"/><counter type="METHOD" missed="0" covered="2"/><counter type="CLASS" missed="0" covered="1"/></sourcefile><sourcefile name="User.java"><line nr="42" mi="0" ci="3" mb="0" cb="0"/><line nr="45" mi="0" ci="3" mb="0" cb="0"/><line nr="49" mi="0" ci="3" mb="0" cb="0"/><line nr="52" mi="0" ci="3" mb="0" cb="0"/><line nr="56" mi="0" ci="3" mb="0" cb="0"/><line nr="60" mi="0" ci="3" mb="0" cb="0"/><line nr="64" mi="0" ci="3" mb="0" cb="0"/><line nr="68" mi="3" ci="0" mb="0" cb="0"/><line nr="72" mi="3" ci="0" mb="0" cb="0"/><line nr="76" mi="0" ci="3" mb="0" cb="0"/><line nr="80" mi="0" ci="3" mb="0" cb="0"/><line nr="81" mi="0" ci="1" mb="0" cb="0"/><line nr="84" mi="0" ci="3" mb="0" cb="0"/><line nr="85" mi="0" ci="1" mb="0" cb="0"/><line nr="88" mi="0" ci="3" mb="0" cb="0"/><line nr="89" mi="0" ci="1" mb="0" cb="0"/><line nr="92" mi="0" ci="3" mb="0" cb="0"/><line nr="93" mi="0" ci="1" mb="0" cb="0"/><line nr="96" mi="0" ci="3" mb="0" cb="0"/><line nr="97" mi="0" ci="1" mb="0" cb="0"/><line nr="100" mi="0" ci="3" mb="0" cb="0"/><line nr="101" mi="0" ci="1" mb="0" cb="0"/><line nr="104" m
[...]
method name="playQuizById" desc="(J)Lorg/springframework/http/ResponseEntity;" line="121"><counter type="INSTRUCTION" missed="19" covered="0"/><counter type="LINE" missed="4" covered="0"/><counter type="COMPLEXITY" missed="1" covered="0"/><counter type="METHOD" missed="1" covered="0"/></method><method name="getQuizById" desc="(J)Lorg/springframework/http/ResponseEntity;" line="137"><counter type="INSTRUCTION" missed="11" covered="8"/><counter type="LINE" missed="3" covered="1"/><counter type="COMPLEXITY" missed="0" covered="1"/><counter type="METHOD" missed="0" covered="1"/></method><method name="deleteQuiz" desc="(Lorg/springframework/security/core/Authentication;J)Lorg/springframework/http/ResponseEntity;" line="154"><counter type="INSTRUCTION" missed="26" covered="0"/><counter type="LINE" missed="6" covered="0"/><counter type="COMPLEXITY" missed="1" covered="0"/><counter type="METHOD" missed="1" covered="0"/></method><counter type="INSTRUCTION" missed="84" covered="92"/><counter type="LINE" missed="19" covered="15"/><counter type="COMPLEXITY" missed="3" covered="7"/><counter type="METHOD" missed="3" covered="7"/><counter type="CLASS" missed="0" covered="1"/></class><class name="ntnu/fullstacksuperteam/backend/controller/FeedbackController" sourcefilename="FeedbackController.java"><method name="&lt;init&gt;" desc="(Lntnu/fullstacksuperteam/backend/service/FeedbackService;)V" line="29"><counter type="INSTRUCTION" missed="0" covered="6"/><counter type="LINE" missed="0" covered="3"/><counter type="COMPLEXITY" missed="0" covered="1"/><counter type="METHOD" missed="0" covered="1"/></method><method name="submitFeedback" desc="(Lorg/springframework/security/core/Authentication;Lntnu/fullstacksuperteam/backend/model/Feedback;)Lorg/springframework/http/ResponseEntity;" line="42"><counter type="INSTRUCTION" missed="0" covered="14"/><counter type="LINE" missed="0" covered="3"/><counter type="COMPLEXITY" missed="0" covered="1"/><counter type="METHOD" missed="0" covered="1"/></method><counter type="INSTRUCTION" missed="0" covered="20"/><counter type="LINE" missed="0" covered="6"/><counter type="COMPLEXITY" missed="0" covered="2"/><counter type="METHOD" missed="0" covered="2"/><counter type="CLASS" missed="0" covered="1"/></class><class name="ntnu/fullstacksuperteam/backend/controller/QuestionController" sourcefilename="QuestionController.java"><method name="&lt;init&gt;" desc="()V" line="22"><counter type="INSTRUCTION" missed="0" covered="7"/><counter type="LINE" missed="0" covered="2"/><counter type="COMPLEXITY" missed="0" covered="1"/><counter type="METHOD" missed="0" covered="1"/></method><method name="getQuestionsByQuizId" desc="(J)Lorg/springframework/http/ResponseEntity;" line="37"><counter type="INSTRUCTION" missed="11" covered="15"/><counter type="LINE" missed="3" covered="3"/><counter type="COMPLEXITY" missed="0" covered="1"/><counter type="METHOD" missed="0" covered="1"/></method><method name="createQuestion" desc="(JLntnu/fullstacksuperteam/backend/dto/QuestionDTO;)Lorg/springframework/http/ResponseEntity;" line="55"><counter type="INSTRUCTION" missed="0" covered="9"/><counter type="LINE" missed="0" covered="1"/><counter type="COMPLEXITY" missed="0" covered="1"/><counter type="METHOD" missed="0" covered="1"/></method><method name="submitAnswer" desc="(JLntnu/fullstacksuperteam/backend/dto/SubmitAnswerDTO;)Lorg/springframework/http/ResponseEntity;" line="67"><counter type="INSTRUCTION" missed="9" covered="0"/><counter type="LINE" missed="1" covered="0"/><counter type="COMPLEXITY" missed="1" covered="0"/><counter type="METHOD" missed="1" covered="0"/></method><counter type="INSTRUCTION" missed="20" covered="31"/><counter type="LINE" missed="4" covered="6"/><counter type="COMPLEXITY" missed="1" covered="3"/><counter type="METHOD" missed="1" covered="3"/><counter type="CLASS" missed="0" covered="1"/></class><sourcefile name="QuizController.java"><line nr="19" mi="0" ci="2" mb="0" cb="0"/><line nr="23" mi="0" ci="5" mb="0" cb="0"/><line nr="32" mi="0" ci="4" mb="0" cb="0"/><line nr="33" mi="0" ci="7" mb="0" cb="0"/><line nr="46" mi="0" ci="7" mb="0" cb="0"/><line nr="47" mi="0" ci="8" mb="0" cb="0"/><line nr="58" mi="0" ci="5" mb="0" cb="0"/><line nr="59" mi="0" ci="4" mb="0" cb="0"/><line nr="60" mi="0" ci="8" mb="0" cb="0"/><line nr="72" mi="0" ci="5" mb="0" cb="0"/><line nr="73" mi="0" ci="9" mb="0" cb="0"/><line nr="88" mi="0" ci="5" mb="0" cb="0"/><line nr="91" mi="0" ci="5" mb="0" cb="0"/><line nr="92" mi="0" ci="10" mb="0" cb="0"/><line nr="93" mi="1" ci="0" mb="0" cb="0"/><line nr="94" mi="5" ci="0" mb="0" cb="0"/><line nr="95" mi="5" ci="0" mb="0" cb="0"/><line nr="107" mi="5" ci="0" mb="0" cb="0"/><line nr="108" mi="4" ci="0" mb="0" cb="0"/><line nr="109" mi="8" ci="0" mb="0" cb="0"/><line nr="121" mi="8" ci="0" mb="0" cb="0"/><line nr="122" mi="1" ci="0" mb="0" cb="0"/><line nr="123" mi="5" ci="0" mb="0" cb="0"/><line nr="124" mi="5" ci="0" mb="0" cb="0"/><line nr="137" mi="0" ci="8" mb="0" cb="0"/><line nr="138" mi="1" ci="0" mb="0" cb="0"/><line nr="139" mi="5" ci="0" mb="0" cb="0"/><line nr="140" mi="5" ci="0" mb="0" cb="0"/><line nr="154" mi="5" ci="0" mb="0" cb="0"/><line nr="155" mi="5" ci="0" mb="0" cb="0"/><line nr="156" mi="5" ci="0" mb="0" cb="0"/><line nr="157" mi="1" ci="0" mb="0" cb="0"/><line nr="158" mi="5" ci="0" mb="0" cb="0"/><line nr="159" mi="5" ci="0" mb="0" cb="0"/><counter type="INSTRUCTION" missed="84" covered="92"/><counter type="LINE" missed="19" covered="15"/><counter type="COMPLEXITY" missed="3" covered="7"/><counter type="METHOD" missed="3" covered="7"/><counter type="CLASS" missed="0" covered="1"/></sourcefile><sourcefile name="QuestionController.java"><line nr="22" mi="0" ci="2" mb="0" cb="0"/><line nr="26" mi="0" ci="5" mb="0" cb="0"/><line nr="37" mi="0" ci="5" mb="0" cb="0"/><line nr="38" mi="0" ci="5" mb="0" cb="0"/><line nr="39" mi="0" ci="5" mb="0" cb="0"/><line nr="40" mi="1" ci="0" mb="0" cb="0"/><line nr="41" mi="5" ci="0" mb="0" cb="0"/><line nr="42" mi="5" ci="0" mb="0" cb="0"/><line nr="55" mi="0" ci="9" mb="0" cb="0"/><line nr="67" mi="9" ci="0" mb="0" cb="0"/><counter type="INSTRUCTION" missed="20" covered="31"/><counter type="LINE" missed="4" covered="6"/><counter type="COMPLEXITY" missed="1" covered="3"/><counter type="METHOD" missed="1" covered="3"/><counter type="CLASS" missed="0" covered="1"/></sourcefile><sourcefile name="AuthController.java"><line nr="21" mi="0" ci="2" mb="0" cb="0"/><line nr="25" mi="0" ci="5" mb="0" cb="0"/><line nr="36" mi="5" ci="0" mb="0" cb="0"/><line nr="38" mi="8" ci="0" mb="0" cb="0"/><line nr="39" mi="1" ci="0" mb="0" cb="0"/><line nr="40" mi="6" ci="0" mb="0" cb="0"/><line nr="41" mi="6" ci="0" mb="0" cb="0"/><line nr="42" mi="6" ci="0" mb="0" cb="0"/><line nr="54" mi="5" ci="0" mb="0" cb="0"/><line nr="56" mi="8" ci="0" mb="0" cb="0"/><line nr="57" mi="1" ci="0" mb="0" cb="0"/><line nr="58" mi="6" ci="0" mb="0" cb="0"/><line nr="59" mi="6" ci="0" mb="0" cb="0"/><line nr="60" mi="6" ci="0" mb="0" cb="0"/><counter type="INSTRUCTION" missed="64" covered="7"/><counter type="LINE" missed="12" covered="2"/><counter type="COMPLEXITY" missed="2" covered="1"/><counter type="METHOD" missed="2" covered="1"/><counter type="CLASS" missed="0" covered="1"/></sourcefile><sourcefile name="FeedbackController.java"><line nr="29" mi="0" ci="2" mb="0" cb="0"/><line nr="30" mi="0" ci="3" mb="0" cb="0"/><line nr="31" mi="0" ci="1" mb="0" cb="0"/><line nr="42" mi="0" ci="5" mb="0" cb="0"/><line nr="43" mi="0" ci="6" mb="0" cb="0"/><line nr="44" mi="0" ci="3" mb="0" cb="0"/><counter type="INSTRUCTION" missed="0" covered="20"/><counter type="LINE" missed="0" covered="6"/><counter type="COMPLEXITY" missed="0" covered="2"/><counter type="METHOD" missed="0" covered="2"/><counter type="CLASS" missed="0" covered="1"/></sourcefile><sourcefile name="UserController.java"><line nr="19" mi="0" ci="2" mb="0" cb="0"/><line nr="23" mi="0" ci="5" mb="0" cb="0"/><line nr="34" mi="0" ci="4" mb="0" cb="0"/><line nr="35" mi="0" ci="5" mb="0" cb="0"/><line nr="36" mi="0" ci="6" mb="0" cb="0"/><line nr="37" mi="0" ci="1" mb="0" cb="0"/><line nr="38" mi="0" ci="6" mb="0" cb="0"/><line nr="39" mi="0" ci="7" mb="0" cb="0"/><line nr="53" mi="6" ci="0" mb="0" cb="0"/><line nr="54" mi="5" ci="0" mb="0" cb="0"/><line nr="55" mi="7" ci="0" mb="0" cb="0"/><line nr="56" mi="1" ci="0" mb="0" cb="0"/><line nr="57" mi="6" ci="0" mb="0" cb="0"/><line nr="58" mi="7" ci="0" mb="0" cb="0"/><counter type="INSTRUCTION" missed="32" covered="36"/><counter type="LINE" missed="6" covered="8"/><counter type="COMPLEXITY" missed="1" covered="2"/><counter type="METHOD" missed="1" covered="2"/><counter type="CLASS" missed="0" covered="1"/></sourcefile><sourcefile name="ScoresController.java"><line nr="22" mi="0" ci="2" mb="0" cb="0"/><line nr="26" mi="0" ci="5" mb="0" cb="0"/><line nr="37" mi="0" ci="5" mb="0" cb="0"/><line nr="38" mi="0" ci="5" mb="0" cb="0"/><line nr="39" mi="0" ci="5" mb="0" cb="0"/><line nr="40" mi="0" ci="5" mb="0" cb="0"/><line nr="41" mi="1" ci="0" mb="0" cb="0"/><line nr="42" mi="5" ci="0" mb="0" cb="0"/><line nr="43" mi="5" ci="0" mb="0" cb="0"/><line nr="57" mi="0" ci="5" mb="0" cb="0"/><line nr="58" mi="0" ci="6" mb="0" cb="0"/><line nr="59" mi="0" ci="5" mb="0" cb="0"/><line nr="60" mi="0" ci="5" mb="0" cb="0"/><line nr="61" mi="0" ci="5" mb="0" cb="0"/><line nr="62" mi="1" ci="0" mb="0" cb="0"/><line nr="63" mi="5" ci="0" mb="0" cb="0"/><line nr="64" mi="5" ci="0" mb="0" cb="0"/><line nr="79" mi="0" ci="5" mb="0" cb="0"/><line nr="80" mi="0" ci="10" mb="0" cb="0"/><line nr="81" mi="1" ci="0" mb="0" cb="0"/><line nr="82" mi="5" ci="0" mb="0" cb="0"/><line nr="83" mi="5" ci="0" mb="0" cb="0"/><counter type="INSTRUCTION" missed="33" covered="68"/><counter type="LINE" missed="9" covered="13"/><counter type="COMPLEXITY" missed="0" covered="4"/><counter type="METHOD" missed="0" covered="4"/><counter type="CLASS" missed="0" covered="1"/></sourcefile><counter type="INSTRUCTION" missed="233" covered="254"/><counter type="LINE" missed="50" covered="50"/><counter type="COMPLEXITY" missed="7" covered="19"/><counter type="METHOD" missed="7" covered="19"/><counter type="CLASS" missed="0" covered="6"/></package><package name="ntnu/fullstacksuperteam/backend/security"><class name="ntnu/fullstacksuperteam/backend/security/JWTAuthorizationFilter" sourcefilename="JWTAuthorizationFilter.java"><method name="&lt;init&gt;" desc="(Lntnu/fullstacksuperteam/backend/service/TokenService;)V" line="22"><counter type="INSTRUCTION" missed="0" covered="10"/><counter type="LINE" missed="0" covered="4"/><counter type="COMPLEXITY" missed="0" covered="1"/><counter type="METHOD" missed="0" covered="1"/></method><method name="doFilterInternal" desc="(Ljakarta/servlet/http/HttpServletRequest;Ljakarta/servlet/http/HttpServletResponse;Ljakarta/servlet/FilterChain;)V" line="32"><counter type="INSTRUCTION" missed="54" covered="0"/><counter type="BRANCH" missed="6" covered="0"/><counter type="LINE" missed="15" covered="0"/><counter type="COMPLEXITY" missed="4" covered="0"/><counter type="METHOD" missed="1" covered="0"/></method><counter type="INSTRUCTION" missed="54" covered="10"/><counter type="BRANCH" missed="6" covered="0"/><counter type="LINE" missed="15" covered="4"/><counter type="COMPLEXITY" missed="4" covered="1"/><counter type="METHOD" missed="1" covered="1"/><counter type="CLASS" missed="0" covered="1"/></class><class name="ntnu/fullstacksuperteam/backend/security/SecurityConfig" sourcefilename="SecurityConfig.java"><method name="&lt;init&gt;" desc="()V" line="20"><counter type="INSTRUCTION" missed="0" covered="3"/><counter type="LINE" missed="0" covered="1"/><counter type="COMPLEXITY" missed="0" covered="1"/><counter type="METHOD" missed="0" covered="1"/></method><method name="passwordEncoder" desc="()Lorg/springframework/security/crypto/password/PasswordEncoder;" line="26"><counter type="INSTRUCTION" missed="0" covered="4"/><counter type="LINE" missed="0" covered="1"/><counter type="COMPLEXITY" missed="0" covered="1"/><counter type="METHOD" missed="0" covered="1"/></method><method name="securityFilterChain" desc="(Lorg/springframework/security/config/annotation/web/builders/HttpSecurity;)Lorg/springframework/security/web/SecurityFilterChain;" line="31"><counter type="INSTRUCTION" missed="0" covered="21"/><counter type="LINE" missed="0" covered="7"/><counter type="COMPLEXITY" missed="0" covered="1"/><counter type="METHOD" missed="0" covered="1"/></method><method name="lambda$securityFilterChain$4" desc="(Lorg/springframework/security/config/annotation/web/configurers/SessionManagementConfigurer;)V" line="44"><counter type="INSTRUCTION" missed="0" covered="5"/><counter type="LINE" missed="0" covered="2"/><counter type="COMPLEXITY" missed="0" covered="1"/><counter type="METHOD" missed="0" covered="1"/></method><method name="lambda$securityFilterChain$3" desc="(Lorg/springframework/security/config/annotation/web/configurers/AuthorizeHttpRequestsConfigurer$AuthorizationManagerRequestMatcherRegistry;)V" line="41"><counter type="INSTRUCTION" missed="0" covered="31"/><counter type="LINE" missed="0" covered="2"/><counter type="COMPLEXITY" missed="0" covered="1"/><counter type="METHOD" missed="0" covered="1"/></method><method name="lambda$securityFilterChain$2" desc="(Lorg/springframework/security/config/annotation/web/configurers/CorsConfigurer;)V" line="33"><counter type="INSTRUCTION" missed="0" covered="5"/><counter type="LINE" missed="0" covered="1"/><counter type="COMPLEXITY" missed="0" covered="1"/><counter type="METHOD" missed="0" covered="1"/></method><method name="lambda$securityFilterChain$1" desc="(Ljakarta/servlet/http/HttpServletRequest;)Lorg/springframework/web/cors/CorsConfiguration;" line="34"><counter type="INSTRUCTION" missed="57" covered="0"/><counter type="LINE" missed="5" covered="0"/><counter type="COMPLEXITY" missed="1" covered="0"/><counter type="METHOD" missed="1" covered="0"/></method><method name="lambda$securityFilterChain$0" desc="(Lorg/springframework/security/config/annotation/web/configurers/CsrfConfigurer;)V" line="32"><counter type="INSTRUCTION" missed="0" covered="4"/><counter type="LINE" missed="0" covered="1"/><counter type="COMPLEXITY" missed="0" covered="1"/><counter type="METHOD" missed="0" covered="1"/></method><counter type="INSTRUCTION" missed="57" covered="73"/><counter type="LINE" missed="5" covered="12"/><counter type="COMPLEXITY" missed="1" covered="7"/><counter type="METHOD" missed="1" covered="7"/><counter type="CLASS" missed="0" covered="1"/></class><sourcefile name="JWTAuthorizationFilter.java"><line nr="22" mi="0" ci="4" mb="0" cb="0"/><line nr="25" mi="0" ci="2" mb="0" cb="0"/><line nr="26" mi="0" ci="3" mb="0" cb="0"/><line nr="27" mi="0" ci="1" mb="0" cb="0"/><line nr="32" mi="4" ci="0" mb="0" cb="0"/><line nr="33" mi="6" ci="0" mb="4" cb="0"/><line nr="34" mi="4" ci="0" mb="0" cb="0"/><line nr="35" mi="4" ci="0" mb="0" cb="0"/><line nr="36" mi="1" ci="0" mb="0" cb="0"/><line nr="42" mi="4" ci="0" mb="0" cb="0"/><line nr="43" mi="5" ci="0" mb="0" cb="0"/><line nr="44" mi="2" ci="0" mb="2" cb="0"/><line nr="46" mi="4" ci="0" mb="0" cb="0"/><line nr="47" mi="4" ci="0" mb="0" cb="0"/><line nr="48" mi="1" ci="0" mb="0" cb="0"/><line nr="54" mi="7" ci="0" mb="0" cb="0"/><line nr="58" mi="3" ci="0" mb="0" cb="0"/><line nr="61" mi="4" ci="0" mb="0" cb="0"/><line nr="62" mi="1" ci="0" mb="0" cb="0"/><counter type="INSTRUCTION" missed="54" covered="10"/><counter type="BRANCH" missed="6" covered="0"/><counter type="LINE" missed="15" covered="4"/><counter type="COMPLEXITY" missed="4" covered="1"/><counter type="METHOD" missed="1" covered="1"/><counter type="CLASS" missed="0" covered="1"/></sourcefile><sourcefile name="SecurityConfig.java"><line nr="20" mi="0" ci="3" mb="0" cb="0"/><line nr="26" mi="0" ci="4" mb="0" cb="0"/><line nr="31" mi="0" ci="2" mb="0" cb="0"/><line nr="32" mi="0" ci="6" mb="0" cb="0"/><line nr="33" mi="0" ci="7" mb="0" cb="0"/><line nr="34" mi="4" ci="0" mb="0" cb="0"/><line nr="35" mi="13" ci="0" mb="0" cb="0"/><line nr="36" mi="25" ci="0" mb="0" cb="0"/><line nr="37" mi="13" ci="0" mb="0" cb="0"/><line nr="38" mi="2" ci="0" mb="0" cb="0"/><line nr="40" mi="0" ci="2" mb="0" cb="0"/><line nr="41" mi="0" ci="3" mb="0" cb="0"/><line nr="42" mi="0" ci="28" mb="0" cb="0"/><line nr="44" mi="0" ci="10" mb="0" cb="0"/><line nr="45" mi="0" ci="2" mb="0" cb="0"/><line nr="47" mi="0" ci="2" mb="0" cb="0"/><line nr="49" mi="0" ci="4" mb="0" cb="0"/><counter type="INSTRUCTION" missed="57" covered="73"/><counter type="LINE" missed="5" covered="12"/><counter type="COMPLEXITY" missed="1" covered="7"/><counter type="METHOD" missed="1" covered="7"/><counter type="CLASS" missed="0" covered="1"/></sourcefile><counter type="INSTRUCTION" missed="111" covered="83"/><counter type="BRANCH" missed="6" covered="0"/><counter type="LINE" missed="20" covered="16"/><counter type="COMPLEXITY" missed="5" covered="8"/><counter type="METHOD" missed="2" covered="8"/><counter type="CLASS" missed="0" covered="2"/></package><package name="ntnu/fullstacksuperteam/backend/repository"><class name="ntnu/fullstacksuperteam/backend/repository/ScoresRepository" sourcefilename="ScoresRepository.java"/><class name="ntnu/fullstacksuperteam/backend/repository/QuestionRepository" sourcefilename="QuestionRepository.java"/><class name="ntnu/fullstacksuperteam/backend/repository/QuizRepository" sourcefilename="QuizRepository.java"/><class name="ntnu/fullstacksuperteam/backend/repository/UserRepository" sourcefilename="UserRepository.java"/><class name="ntnu/fullstacksuperteam/backend/repository/FeedbackRepository" sourcefilename="FeedbackRepository.java"/><class name="ntnu/fullstacksuperteam/backend/repository/AnswerRepository" sourcefilename="AnswerRepository.java"/><sourcefile name="AnswerRepository.java"/><sourcefile name="UserRepository.java"/><sourcefile name="QuizRepository.java"/><sourcefile name="QuestionRepository.java"/><sourcefile name="ScoresRepository.java"/><sourcefile name="FeedbackRepository.java"/></package><package name="ntnu/fullstacksuperteam/backend"><class name="ntnu/fullstacksuperteam/backend/BackendApplication" sourcefilename="BackendApplication.java"><method name="&lt;init&gt;" desc="()V" line="9"><counter type="INSTRUCTION" missed="0" covered="3"/><counter type="LINE" missed="0" covered="1"/><counter type="COMPLEXITY" missed="0" covered="1"/><counter type="METHOD" missed="0" covered="1"/></method><method name="main" desc="([Ljava/lang/String;)V" line="12"><counter type="INSTRUCTION" missed="5" covered="0"/><counter type="LINE" missed="2" covered="0"/><counter type="COMPLEXITY" missed="1" covered="0"/><counter type="METHOD" missed="1" covered="0"/></method><counter type="INSTRUCTION" missed="5" covered="3"/><counter type="LINE" missed="2" covered="1"/><counter type="COMPLEXITY" missed="1" covered="1"/><counter type="METHOD" missed="1" covered="1"/><counter type="CLASS" missed="0" covered="1"/></class><sourcefile name="BackendApplication.java"><line nr="9" mi="0" ci="3" mb="0" cb="0"/><line nr="12" mi="4" ci="0" mb="0" cb="0"/><line nr="13" mi="1" ci="0" mb="0" cb="0"/><counter type="INSTRUCTION" missed="5" covered="3"/><counter type="LINE" missed="2" covered="1"/><counter type="COMPLEXITY" missed="1" covered="1"/><counter type="METHOD" missed="1" covered="1"/><counter type="CLASS" missed="0" covered="1"/></sourcefile><counter type="INSTRUCTION" missed="5" covered="3"/><counter type="LINE" missed="2" covered="1"/><counter type="COMPLEXITY" missed="1" covered="1"/><counter type="METHOD" missed="1" covered="1"/><counter type="CLASS" missed="0" covered="1"/></package><counter type="INSTRUCTION" missed="1103" covered="1824"/><counter type="BRANCH" missed="81" covered="31"/><counter type="LINE" missed="236" covered="520"/><counter type="COMPLEXITY" missed="88" covered="259"/><counter type="METHOD" missed="40" covered="248"/><counter type="CLASS" missed="3" covered="43"/></report>